#
# There is insufficient memory for the Java Runtime Environment to continue.
# Native memory allocation (mmap) failed to map 20971520 bytes. Error detail: G1 virtual space
# Possible reasons:
#   The system is out of physical RAM or swap space
#   This process is running with CompressedOops enabled, and the Java Heap may be blocking the growth of the native heap
# Possible solutions:
#   Reduce memory load on the system
#   Increase physical memory or swap space
#   Check if swap backing store is full
#   Decrease Java heap size (-Xmx/-Xms)
#   Decrease number of Java threads
#   Decrease Java thread stack sizes (-Xss)
#   Set larger code cache with -XX:ReservedCodeCacheSize=
#   JVM is running with Unscaled Compressed Oops mode in which the Java heap is
#     placed in the first 4GB address space. The Java Heap base address is the
#     maximum limit for the native heap growth. Please use -XX:HeapBaseMinAddress
#     to set the Java Heap base and to place the Java Heap above 4GB virtual address.
# This output file may be truncated or incomplete.
#
#  Out of Memory Error (os_windows.cpp:3707), pid=11464, tid=2744
#
# JRE version: Java(TM) SE Runtime Environment (23.0.2+7) (build 23.0.2+7-58)
# Java VM: Java HotSpot(TM) 64-Bit Server VM (23.0.2+7-58, mixed mode, sharing, tiered, compressed oops, compressed class ptrs, g1 gc, windows-amd64)
# No core dump will be written. Minidumps are not enabled by default on client versions of Windows
#

---------------  S U M M A R Y ------------

Command Line: --add-opens=java.base/java.lang=ALL-UNNAMED --add-opens=java.base/java.lang.invoke=ALL-UNNAMED --add-opens=java.base/java.util=ALL-UNNAMED --add-opens=java.prefs/java.util.prefs=ALL-UNNAMED --add-exports=jdk.compiler/com.sun.tools.javac.api=ALL-UNNAMED --add-exports=jdk.compiler/com.sun.tools.javac.util=ALL-UNNAMED --add-opens=java.base/java.util=ALL-UNNAMED --add-opens=java.prefs/java.util.prefs=ALL-UNNAMED --add-opens=java.base/java.nio.charset=ALL-UNNAMED --add-opens=java.base/java.net=ALL-UNNAMED --add-opens=java.base/java.util.concurrent.atomic=ALL-UNNAMED --add-opens=java.xml/javax.xml.namespace=ALL-UNNAMED -Xmx2048m -Dfile.encoding=UTF-8 -Duser.country=US -Duser.language=en -Duser.variant -javaagent:C:\Users\NDC\.gradle\wrapper\dists\gradle-8.13-bin\5xuhj0ry160q40clulazy9h7d\gradle-8.13\lib\agents\gradle-instrumentation-agent-8.13.jar org.gradle.launcher.daemon.bootstrap.GradleDaemon 8.13

Host: 11th Gen Intel(R) Core(TM) i3-1115G4 @ 3.00GHz, 4 cores, 3G,  Windows 11 , 64 bit Build 22621 (10.0.22621.5415)
Time: Sun Nov  9 03:43:52 2025 SE Asia Standard Time elapsed time: 100.007282 seconds (0d 0h 1m 40s)

---------------  T H R E A D  ---------------

Current thread (0x0000014f211c64b0):  VMThread "VM Thread"          [id=2744, stack(0x000000014a000000,0x000000014a100000) (1024K)]

Stack: [0x000000014a000000,0x000000014a100000]
Native frames: (J=compiled Java code, j=interpreted, Vv=VM code, C=native code)
V  [jvm.dll+0x6e0b99]  (no source info available)
V  [jvm.dll+0x87e2b3]  (no source info available)
V  [jvm.dll+0x88073e]  (no source info available)
V  [jvm.dll+0x880e13]  (no source info available)
V  [jvm.dll+0x27b006]  (no source info available)
V  [jvm.dll+0x6dd485]  (no source info available)
V  [jvm.dll+0x6d127a]  (no source info available)
V  [jvm.dll+0x35b50a]  (no source info available)
V  [jvm.dll+0x363916]  (no source info available)
V  [jvm.dll+0x34fe7e]  (no source info available)
V  [jvm.dll+0x350118]  (no source info available)
V  [jvm.dll+0x328aec]  (no source info available)
V  [jvm.dll+0x32b4d9]  (no source info available)
V  [jvm.dll+0x336094]  (no source info available)
V  [jvm.dll+0x372e75]  (no source info available)
V  [jvm.dll+0x886d50]  (no source info available)
V  [jvm.dll+0x888077]  (no source info available)
V  [jvm.dll+0x8885a8]  (no source info available)
V  [jvm.dll+0x888843]  (no source info available)
V  [jvm.dll+0x8254cb]  (no source info available)
V  [jvm.dll+0x6df345]  (no source info available)
C  [ucrtbase.dll+0x29333]  (no source info available)
C  [KERNEL32.DLL+0x1259d]  (no source info available)
C  [ntdll.dll+0x5af78]  (no source info available)

VM_Operation (0x0000000149bff530): G1PauseRemark, mode: safepoint, requested by thread 0x0000014f04d5e170


---------------  P R O C E S S  ---------------

Threads class SMR info:
_java_thread_list=0x0000014f6a94da80, length=43, elements={
0x0000014f04cf1060, 0x0000014f211dd2d0, 0x0000014f211de3a0, 0x0000014f211df740,
0x0000014f211e1650, 0x0000014f211e6cb0, 0x0000014f211e8810, 0x0000014f211f1aa0,
0x0000014f211f2770, 0x0000014f212d4dc0, 0x0000014f214a78d0, 0x0000014f6805ccb0,
0x0000014f67eb9310, 0x0000014f680c57e0, 0x0000014f67f7c360, 0x0000014f67f90b60,
0x0000014f67f73560, 0x0000014f67f73bd0, 0x0000014f68118150, 0x0000014f68115360,
0x0000014f68116da0, 0x0000014f681159f0, 0x0000014f68117ac0, 0x0000014f68116080,
0x0000014f6811af40, 0x0000014f68118e70, 0x0000014f68119500, 0x0000014f6811a220,
0x0000014f6b218a30, 0x0000014f6b2190c0, 0x0000014f6b5177b0, 0x0000014f6b517e40,
0x0000014f6b517120, 0x0000014f687df4b0, 0x0000014f687dc6c0, 0x0000014f687e3650,
0x0000014f687e0860, 0x0000014f687dcd50, 0x0000014f687e0ef0, 0x0000014f74ccb2a0,
0x0000014f74ccb930, 0x0000014f74cca580, 0x0000014f68cbeae0
}

Java Threads: ( => current thread )
  0x0000014f04cf1060 JavaThread "main"                              [_thread_blocked, id=11412, stack(0x0000000149900000,0x0000000149a00000) (1024K)]
  0x0000014f211dd2d0 JavaThread "Reference Handler"          daemon [_thread_blocked, id=11740, stack(0x000000014a100000,0x000000014a200000) (1024K)]
  0x0000014f211de3a0 JavaThread "Finalizer"                  daemon [_thread_blocked, id=10836, stack(0x000000014a200000,0x000000014a300000) (1024K)]
  0x0000014f211df740 JavaThread "Signal Dispatcher"          daemon [_thread_blocked, id=4692, stack(0x000000014a300000,0x000000014a400000) (1024K)]
  0x0000014f211e1650 JavaThread "Attach Listener"            daemon [_thread_blocked, id=2896, stack(0x000000014a400000,0x000000014a500000) (1024K)]
  0x0000014f211e6cb0 JavaThread "Service Thread"             daemon [_thread_blocked, id=15080, stack(0x000000014a500000,0x000000014a600000) (1024K)]
  0x0000014f211e8810 JavaThread "Monitor Deflation Thread"   daemon [_thread_blocked, id=2736, stack(0x000000014a600000,0x000000014a700000) (1024K)]
  0x0000014f211f1aa0 JavaThread "C2 CompilerThread0"         daemon [_thread_blocked, id=3212, stack(0x000000014a700000,0x000000014a800000) (1024K)]
  0x0000014f211f2770 JavaThread "C1 CompilerThread0"         daemon [_thread_blocked, id=6496, stack(0x000000014a800000,0x000000014a900000) (1024K)]
  0x0000014f212d4dc0 JavaThread "Common-Cleaner"             daemon [_thread_blocked, id=8852, stack(0x000000014a900000,0x000000014aa00000) (1024K)]
  0x0000014f214a78d0 JavaThread "Notification Thread"        daemon [_thread_blocked, id=3660, stack(0x000000014aa00000,0x000000014ab00000) (1024K)]
  0x0000014f6805ccb0 JavaThread "Daemon health stats"               [_thread_blocked, id=5496, stack(0x000000014ae00000,0x000000014af00000) (1024K)]
  0x0000014f67eb9310 JavaThread "Incoming local TCP Connector on port 62840"        [_thread_in_native, id=7140, stack(0x000000014af00000,0x000000014b000000) (1024K)]
  0x0000014f680c57e0 JavaThread "Daemon periodic checks"            [_thread_blocked, id=12088, stack(0x000000014b000000,0x000000014b100000) (1024K)]
  0x0000014f67f7c360 JavaThread "Daemon"                            [_thread_blocked, id=10448, stack(0x000000014b100000,0x000000014b200000) (1024K)]
  0x0000014f67f90b60 JavaThread "Handler for socket connection from /127.0.0.1:62840 to /127.0.0.1:62841"        [_thread_in_native, id=6208, stack(0x000000014b200000,0x000000014b300000) (1024K)]
  0x0000014f67f73560 JavaThread "Cancel handler"                    [_thread_blocked, id=9772, stack(0x000000014b300000,0x000000014b400000) (1024K)]
  0x0000014f67f73bd0 JavaThread "Daemon worker"                     [_thread_blocked, id=9032, stack(0x000000014b400000,0x000000014b500000) (1024K)]
  0x0000014f68118150 JavaThread "Asynchronous log dispatcher for DefaultDaemonConnection: socket connection from /127.0.0.1:62840 to /127.0.0.1:62841"        [_thread_blocked, id=13112, stack(0x000000014b500000,0x000000014b600000) (1024K)]
  0x0000014f68115360 JavaThread "Stdin handler"                     [_thread_blocked, id=13724, stack(0x000000014b600000,0x000000014b700000) (1024K)]
  0x0000014f68116da0 JavaThread "Daemon client event forwarder"        [_thread_blocked, id=14692, stack(0x000000014b700000,0x000000014b800000) (1024K)]
  0x0000014f681159f0 JavaThread "Cache worker for journal cache (C:\Users\NDC\.gradle\caches\journal-1)"        [_thread_blocked, id=11884, stack(0x000000014b800000,0x000000014b900000) (1024K)]
  0x0000014f68117ac0 JavaThread "File lock request listener"        [_thread_blocked, id=12264, stack(0x000000014b900000,0x000000014ba00000) (1024K)]
  0x0000014f68116080 JavaThread "Cache worker for file hash cache (C:\Users\NDC\.gradle\caches\8.13\fileHashes)"        [_thread_blocked, id=13376, stack(0x000000014ba00000,0x000000014bb00000) (1024K)]
  0x0000014f6811af40 JavaThread "Cache worker for file hash cache (D:\Mobile\App_UTH_Social\.gradle\8.13\fileHashes)"        [_thread_blocked, id=10096, stack(0x000000014bb00000,0x000000014bc00000) (1024K)]
  0x0000014f68118e70 JavaThread "Cache worker for Build Output Cleanup Cache (D:\Mobile\App_UTH_Social\.gradle\buildOutputCleanup)"        [_thread_blocked, id=9248, stack(0x000000014bc00000,0x000000014bd00000) (1024K)]
  0x0000014f68119500 JavaThread "File watcher server"        daemon [_thread_in_native, id=8288, stack(0x000000014bd00000,0x000000014be00000) (1024K)]
  0x0000014f6811a220 JavaThread "File watcher consumer"      daemon [_thread_blocked, id=9716, stack(0x000000014be00000,0x000000014bf00000) (1024K)]
  0x0000014f6b218a30 JavaThread "Cache worker for checksums cache (D:\Mobile\App_UTH_Social\.gradle\8.13\checksums)"        [_thread_blocked, id=8976, stack(0x000000014bf00000,0x000000014c000000) (1024K)]
  0x0000014f6b2190c0 JavaThread "Cache worker for file content cache (C:\Users\NDC\.gradle\caches\8.13\fileContent)"        [_thread_blocked, id=13036, stack(0x000000014c000000,0x000000014c100000) (1024K)]
  0x0000014f6b5177b0 JavaThread "Cache worker for cache directory md-supplier (C:\Users\NDC\.gradle\caches\8.13\md-supplier)"        [_thread_blocked, id=2832, stack(0x000000014c100000,0x000000014c200000) (1024K)]
  0x0000014f6b517e40 JavaThread "Cache worker for cache directory md-rule (C:\Users\NDC\.gradle\caches\8.13\md-rule)"        [_thread_blocked, id=4868, stack(0x000000014c200000,0x000000014c300000) (1024K)]
  0x0000014f6b517120 JavaThread "File lock release action executor"        [_thread_blocked, id=14220, stack(0x000000014c300000,0x000000014c400000) (1024K)]
  0x0000014f687df4b0 JavaThread "Unconstrained build operations"        [_thread_blocked, id=13936, stack(0x0000000149600000,0x0000000149700000) (1024K)]
  0x0000014f687dc6c0 JavaThread "Unconstrained build operations Thread 2"        [_thread_blocked, id=14388, stack(0x0000000149700000,0x0000000149800000) (1024K)]
  0x0000014f687e3650 JavaThread "Unconstrained build operations Thread 3"        [_thread_blocked, id=11032, stack(0x0000000149800000,0x0000000149900000) (1024K)]
  0x0000014f687e0860 JavaThread "Unconstrained build operations Thread 4"        [_thread_blocked, id=9372, stack(0x000000014c400000,0x000000014c500000) (1024K)]
  0x0000014f687dcd50 JavaThread "Unconstrained build operations Thread 5"        [_thread_blocked, id=9220, stack(0x000000014c500000,0x000000014c600000) (1024K)]
  0x0000014f687e0ef0 JavaThread "Unconstrained build operations Thread 6"        [_thread_blocked, id=8968, stack(0x000000014c600000,0x000000014c700000) (1024K)]
  0x0000014f74ccb2a0 JavaThread "Unconstrained build operations Thread 7"        [_thread_blocked, id=3428, stack(0x000000014c700000,0x000000014c800000) (1024K)]
  0x0000014f74ccb930 JavaThread "Unconstrained build operations Thread 8"        [_thread_blocked, id=11796, stack(0x000000014c800000,0x000000014c900000) (1024K)]
  0x0000014f74cca580 JavaThread "Unconstrained build operations Thread 9"        [_thread_blocked, id=11836, stack(0x000000014c900000,0x000000014ca00000) (1024K)]
  0x0000014f68cbeae0 JavaThread "Memory manager"                    [_thread_blocked, id=924, stack(0x000000014ca00000,0x000000014cb00000) (1024K)]
Total: 43

Other Threads:
=>0x0000014f211c64b0 VMThread "VM Thread"                           [id=2744, stack(0x000000014a000000,0x000000014a100000) (1024K)]
  0x0000014f211b7bb0 WatcherThread "VM Periodic Task Thread"        [id=11708, stack(0x0000000149f00000,0x000000014a000000) (1024K)]
  0x0000014f04d49120 WorkerThread "GC Thread#0"                     [id=5240, stack(0x0000000149a00000,0x0000000149b00000) (1024K)]
  0x0000014f21552c40 WorkerThread "GC Thread#1"                     [id=6116, stack(0x000000014ab00000,0x000000014ac00000) (1024K)]
  0x0000014f215d23c0 WorkerThread "GC Thread#2"                     [id=11372, stack(0x000000014ac00000,0x000000014ad00000) (1024K)]
  0x0000014f215d2770 WorkerThread "GC Thread#3"                     [id=11944, stack(0x000000014ad00000,0x000000014ae00000) (1024K)]
  0x0000014f04d5e170 ConcurrentGCThread "G1 Main Marker"            [id=8728, stack(0x0000000149b00000,0x0000000149c00000) (1024K)]
  0x0000014f04d5ec80 WorkerThread "G1 Conc#0"                       [id=13464, stack(0x0000000149c00000,0x0000000149d00000) (1024K)]
  0x0000014f210910a0 ConcurrentGCThread "G1 Refine#0"               [id=3584, stack(0x0000000149d00000,0x0000000149e00000) (1024K)]
  0x0000014f04daad60 ConcurrentGCThread "G1 Service"                [id=3952, stack(0x0000000149e00000,0x0000000149f00000) (1024K)]
Total: 10

Threads with active compile tasks:
C2 CompilerThread0  100244 15928 %     4       java.math.BigInteger::montReduce @ 9 (99 bytes)
Total: 1

VM state: at safepoint (normal execution)

VM Mutex/Monitor currently owned by a thread:  ([mutex/lock_event])
[0x00007ff94afa4888] Threads_lock - owner thread: 0x0000014f211c64b0
[0x00007ff94afa4988] Heap_lock - owner thread: 0x0000014f04d5e170

Heap address: 0x0000000080000000, size: 2048 MB, Compressed Oops mode: 32-bit

CDS archive(s) mapped at: [0x0000014f22000000-0x0000014f22d70000-0x0000014f22d70000), size 14090240, SharedBaseAddress: 0x0000014f22000000, ArchiveRelocationMode: 1.
Compressed class space mapped at: 0x0000014f23000000-0x0000014f63000000, reserved size: 1073741824
Narrow klass base: 0x0000014f22000000, Narrow klass shift: 0, Narrow klass range: 0x41000000

GC Precious Log:
 CardTable entry size: 512
 Card Set container configuration: InlinePtr #cards 5 size 8 Array Of Cards #cards 10 size 36 Howl #buckets 4 coarsen threshold 1843 Howl Bitmap #cards 512 size 80 coarsen threshold 460 Card regions per heap region 1 cards per card region 2048
 CPUs: 4 total, 4 available
 Memory: 3834M
 Large Page Support: Disabled
 NUMA Support: Disabled
 Compressed Oops: Enabled (32-bit)
 Heap Region Size: 1M
 Heap Min Capacity: 8M
 Heap Initial Capacity: 60M
 Heap Max Capacity: 2G
 Pre-touch: Disabled
 Parallel Workers: 4
 Concurrent Workers: 1
 Concurrent Refinement Workers: 4
 Periodic GC: Disabled

Heap:
 garbage-first heap   total reserved 2097152K, committed 220160K, used 154119K [0x0000000080000000, 0x0000000100000000)
  region size 1024K, 16 young (16384K), 5 survivors (5120K)
 Metaspace       used 126930K, committed 129472K, reserved 1179648K
  class space    used 16773K, committed 17984K, reserved 1048576K

Heap Regions: E=young(eden), S=young(survivor), O=old, HS=humongous(starts), HC=humongous(continues), CS=collection set, F=free, TAMS=top-at-mark-start, PB=parsable bottom
|   0|0x0000000080000000, 0x0000000080100000, 0x0000000080100000|100%|HS|  |TAMS 0x0000000080100000| PB 0x0000000080000000| Complete |  0
|   1|0x0000000080100000, 0x0000000080200000, 0x0000000080200000|100%|HC|  |TAMS 0x0000000080200000| PB 0x0000000080100000| Complete |  0
|   2|0x0000000080200000, 0x0000000080300000, 0x0000000080300000|100%|HC|  |TAMS 0x0000000080300000| PB 0x0000000080200000| Complete |  0
|   3|0x0000000080300000, 0x0000000080400000, 0x0000000080400000|100%| O|  |TAMS 0x0000000080400000| PB 0x0000000080400000| Untracked |  0
|   4|0x0000000080400000, 0x0000000080500000, 0x0000000080500000|100%| O|  |TAMS 0x0000000080500000| PB 0x0000000080500000| Untracked |  0
|   5|0x0000000080500000, 0x0000000080600000, 0x0000000080600000|100%| O|  |TAMS 0x0000000080600000| PB 0x0000000080600000| Untracked |  0
|   6|0x0000000080600000, 0x0000000080700000, 0x0000000080700000|100%| O|  |TAMS 0x0000000080700000| PB 0x0000000080700000| Untracked |  0
|   7|0x0000000080700000, 0x0000000080800000, 0x0000000080800000|100%| O|  |TAMS 0x0000000080800000| PB 0x0000000080800000| Untracked |  0
|   8|0x0000000080800000, 0x0000000080900000, 0x0000000080900000|100%| O|  |TAMS 0x0000000080900000| PB 0x0000000080900000| Untracked |  0
|   9|0x0000000080900000, 0x0000000080a00000, 0x0000000080a00000|100%| O|  |TAMS 0x0000000080a00000| PB 0x0000000080a00000| Untracked |  0
|  10|0x0000000080a00000, 0x0000000080b00000, 0x0000000080b00000|100%|HS|  |TAMS 0x0000000080b00000| PB 0x0000000080a00000| Complete |  0
|  11|0x0000000080b00000, 0x0000000080c00000, 0x0000000080c00000|100%| O|  |TAMS 0x0000000080c00000| PB 0x0000000080c00000| Untracked |  0
|  12|0x0000000080c00000, 0x0000000080d00000, 0x0000000080d00000|100%| O|  |TAMS 0x0000000080d00000| PB 0x0000000080d00000| Untracked |  0
|  13|0x0000000080d00000, 0x0000000080e00000, 0x0000000080e00000|100%| O|  |TAMS 0x0000000080e00000| PB 0x0000000080e00000| Untracked |  0
|  14|0x0000000080e00000, 0x0000000080f00000, 0x0000000080f00000|100%| O|  |TAMS 0x0000000080f00000| PB 0x0000000080f00000| Untracked |  0
|  15|0x0000000080f00000, 0x0000000081000000, 0x0000000081000000|100%| O|  |TAMS 0x0000000081000000| PB 0x0000000081000000| Untracked |  0
|  16|0x0000000081000000, 0x0000000081100000, 0x0000000081100000|100%| O|  |TAMS 0x0000000081100000| PB 0x0000000081100000| Untracked |  0
|  17|0x0000000081100000, 0x0000000081200000, 0x0000000081200000|100%| O|  |TAMS 0x0000000081200000| PB 0x0000000081200000| Untracked |  0
|  18|0x0000000081200000, 0x0000000081300000, 0x0000000081300000|100%| O|  |TAMS 0x0000000081300000| PB 0x0000000081300000| Untracked |  0
|  19|0x0000000081300000, 0x0000000081400000, 0x0000000081400000|100%| O|  |TAMS 0x0000000081400000| PB 0x0000000081400000| Untracked |  0
|  20|0x0000000081400000, 0x0000000081500000, 0x0000000081500000|100%| O|  |TAMS 0x0000000081500000| PB 0x0000000081500000| Untracked |  0
|  21|0x0000000081500000, 0x0000000081600000, 0x0000000081600000|100%| O|  |TAMS 0x0000000081600000| PB 0x0000000081600000| Untracked |  0
|  22|0x0000000081600000, 0x0000000081700000, 0x0000000081700000|100%| O|  |TAMS 0x0000000081700000| PB 0x0000000081700000| Untracked |  0
|  23|0x0000000081700000, 0x0000000081800000, 0x0000000081800000|100%| O|  |TAMS 0x0000000081800000| PB 0x0000000081800000| Untracked |  0
|  24|0x0000000081800000, 0x0000000081900000, 0x0000000081900000|100%| O|  |TAMS 0x0000000081900000| PB 0x0000000081900000| Untracked |  0
|  25|0x0000000081900000, 0x0000000081a00000, 0x0000000081a00000|100%| O|  |TAMS 0x0000000081a00000| PB 0x0000000081a00000| Untracked |  0
|  26|0x0000000081a00000, 0x0000000081b00000, 0x0000000081b00000|100%| O|  |TAMS 0x0000000081b00000| PB 0x0000000081b00000| Untracked |  0
|  27|0x0000000081b00000, 0x0000000081c00000, 0x0000000081c00000|100%| O|  |TAMS 0x0000000081c00000| PB 0x0000000081c00000| Untracked |  0
|  28|0x0000000081c00000, 0x0000000081d00000, 0x0000000081d00000|100%| O|  |TAMS 0x0000000081d00000| PB 0x0000000081d00000| Untracked |  0
|  29|0x0000000081d00000, 0x0000000081e00000, 0x0000000081e00000|100%| O|  |TAMS 0x0000000081e00000| PB 0x0000000081e00000| Untracked |  0
|  30|0x0000000081e00000, 0x0000000081f00000, 0x0000000081f00000|100%| O|Cm|TAMS 0x0000000081f00000| PB 0x0000000081f00000| Updating |  0
|  31|0x0000000081f00000, 0x0000000082000000, 0x0000000082000000|100%| O|  |TAMS 0x0000000082000000| PB 0x0000000082000000| Untracked |  0
|  32|0x0000000082000000, 0x0000000082100000, 0x0000000082100000|100%|HS|  |TAMS 0x0000000082000000| PB 0x0000000082000000| Complete |  0
|  33|0x0000000082100000, 0x0000000082200000, 0x0000000082200000|100%| O|  |TAMS 0x0000000082200000| PB 0x0000000082200000| Untracked |  0
|  34|0x0000000082200000, 0x0000000082300000, 0x0000000082300000|100%| O|  |TAMS 0x0000000082300000| PB 0x0000000082300000| Untracked |  0
|  35|0x0000000082300000, 0x0000000082400000, 0x0000000082400000|100%| O|  |TAMS 0x0000000082400000| PB 0x0000000082400000| Untracked |  0
|  36|0x0000000082400000, 0x0000000082500000, 0x0000000082500000|100%| O|  |TAMS 0x0000000082500000| PB 0x0000000082500000| Untracked |  0
|  37|0x0000000082500000, 0x0000000082600000, 0x0000000082600000|100%| O|  |TAMS 0x0000000082600000| PB 0x0000000082600000| Untracked |  0
|  38|0x0000000082600000, 0x0000000082700000, 0x0000000082700000|100%|HS|  |TAMS 0x0000000082700000| PB 0x0000000082600000| Complete |  0
|  39|0x0000000082700000, 0x0000000082800000, 0x0000000082800000|100%| O|  |TAMS 0x0000000082800000| PB 0x0000000082800000| Untracked |  0
|  40|0x0000000082800000, 0x0000000082900000, 0x0000000082900000|100%| O|  |TAMS 0x0000000082900000| PB 0x0000000082900000| Untracked |  0
|  41|0x0000000082900000, 0x0000000082a00000, 0x0000000082a00000|100%| O|  |TAMS 0x0000000082a00000| PB 0x0000000082a00000| Untracked |  0
|  42|0x0000000082a00000, 0x0000000082b00000, 0x0000000082b00000|100%| O|  |TAMS 0x0000000082b00000| PB 0x0000000082b00000| Untracked |  0
|  43|0x0000000082b00000, 0x0000000082c00000, 0x0000000082c00000|100%| O|  |TAMS 0x0000000082c00000| PB 0x0000000082c00000| Untracked |  0
|  44|0x0000000082c00000, 0x0000000082d00000, 0x0000000082d00000|100%| O|  |TAMS 0x0000000082d00000| PB 0x0000000082d00000| Untracked |  0
|  45|0x0000000082d00000, 0x0000000082e00000, 0x0000000082e00000|100%| O|  |TAMS 0x0000000082e00000| PB 0x0000000082e00000| Untracked |  0
|  46|0x0000000082e00000, 0x0000000082f00000, 0x0000000082f00000|100%| O|  |TAMS 0x0000000082f00000| PB 0x0000000082f00000| Untracked |  0
|  47|0x0000000082f00000, 0x0000000083000000, 0x0000000083000000|100%| O|  |TAMS 0x0000000083000000| PB 0x0000000083000000| Untracked |  0
|  48|0x0000000083000000, 0x0000000083100000, 0x0000000083100000|100%| O|  |TAMS 0x0000000083100000| PB 0x0000000083100000| Untracked |  0
|  49|0x0000000083100000, 0x0000000083200000, 0x0000000083200000|100%| O|  |TAMS 0x0000000083200000| PB 0x0000000083200000| Untracked |  0
|  50|0x0000000083200000, 0x0000000083300000, 0x0000000083300000|100%| O|  |TAMS 0x0000000083300000| PB 0x0000000083300000| Untracked |  0
|  51|0x0000000083300000, 0x0000000083400000, 0x0000000083400000|100%| O|Cm|TAMS 0x0000000083400000| PB 0x0000000083400000| Updating |  0
|  52|0x0000000083400000, 0x0000000083500000, 0x0000000083500000|100%| O|  |TAMS 0x0000000083500000| PB 0x0000000083500000| Untracked |  0
|  53|0x0000000083500000, 0x0000000083600000, 0x0000000083600000|100%| O|  |TAMS 0x0000000083600000| PB 0x0000000083600000| Untracked |  0
|  54|0x0000000083600000, 0x0000000083700000, 0x0000000083700000|100%|HS|  |TAMS 0x0000000083700000| PB 0x0000000083600000| Complete |  0
|  55|0x0000000083700000, 0x0000000083800000, 0x0000000083800000|100%|HC|  |TAMS 0x0000000083800000| PB 0x0000000083700000| Complete |  0
|  56|0x0000000083800000, 0x0000000083900000, 0x0000000083900000|100%|HC|  |TAMS 0x0000000083900000| PB 0x0000000083800000| Complete |  0
|  57|0x0000000083900000, 0x0000000083a00000, 0x0000000083a00000|100%|HC|  |TAMS 0x0000000083a00000| PB 0x0000000083900000| Complete |  0
|  58|0x0000000083a00000, 0x0000000083b00000, 0x0000000083b00000|100%|HC|  |TAMS 0x0000000083b00000| PB 0x0000000083a00000| Complete |  0
|  59|0x0000000083b00000, 0x0000000083c00000, 0x0000000083c00000|100%|HC|  |TAMS 0x0000000083c00000| PB 0x0000000083b00000| Complete |  0
|  60|0x0000000083c00000, 0x0000000083d00000, 0x0000000083d00000|100%| O|  |TAMS 0x0000000083d00000| PB 0x0000000083d00000| Untracked |  0
|  61|0x0000000083d00000, 0x0000000083e00000, 0x0000000083e00000|100%| O|Cm|TAMS 0x0000000083e00000| PB 0x0000000083e00000| Updating |  0
|  62|0x0000000083e00000, 0x0000000083f00000, 0x0000000083f00000|100%| O|Cm|TAMS 0x0000000083f00000| PB 0x0000000083f00000| Updating |  0
|  63|0x0000000083f00000, 0x0000000084000000, 0x0000000084000000|100%| O|  |TAMS 0x0000000084000000| PB 0x0000000084000000| Untracked |  0
|  64|0x0000000084000000, 0x0000000084100000, 0x0000000084100000|100%| O|  |TAMS 0x0000000084100000| PB 0x0000000084100000| Untracked |  0
|  65|0x0000000084100000, 0x0000000084200000, 0x0000000084200000|100%| O|Cm|TAMS 0x0000000084200000| PB 0x0000000084200000| Updating |  0
|  66|0x0000000084200000, 0x0000000084300000, 0x0000000084300000|100%|HS|  |TAMS 0x0000000084200000| PB 0x0000000084200000| Complete |  0
|  67|0x0000000084300000, 0x0000000084400000, 0x0000000084400000|100%| O|  |TAMS 0x0000000084400000| PB 0x0000000084400000| Untracked |  0
|  68|0x0000000084400000, 0x0000000084500000, 0x0000000084500000|100%| O|  |TAMS 0x0000000084500000| PB 0x0000000084500000| Untracked |  0
|  69|0x0000000084500000, 0x0000000084600000, 0x0000000084600000|100%| O|  |TAMS 0x0000000084600000| PB 0x0000000084600000| Untracked |  0
|  70|0x0000000084600000, 0x0000000084700000, 0x0000000084700000|100%| O|  |TAMS 0x0000000084700000| PB 0x0000000084700000| Untracked |  0
|  71|0x0000000084700000, 0x0000000084800000, 0x0000000084800000|100%| O|  |TAMS 0x0000000084800000| PB 0x0000000084800000| Untracked |  0
|  72|0x0000000084800000, 0x0000000084900000, 0x0000000084900000|100%| O|  |TAMS 0x0000000084900000| PB 0x0000000084900000| Untracked |  0
|  73|0x0000000084900000, 0x0000000084a00000, 0x0000000084a00000|100%| O|  |TAMS 0x0000000084a00000| PB 0x0000000084a00000| Untracked |  0
|  74|0x0000000084a00000, 0x0000000084b00000, 0x0000000084b00000|100%| O|  |TAMS 0x0000000084b00000| PB 0x0000000084b00000| Untracked |  0
|  75|0x0000000084b00000, 0x0000000084b00000, 0x0000000084c00000|  0%| F|  |TAMS 0x0000000084b00000| PB 0x0000000084b00000| Untracked |  0
|  76|0x0000000084c00000, 0x0000000084d00000, 0x0000000084d00000|100%| O|  |TAMS 0x0000000084d00000| PB 0x0000000084d00000| Untracked |  0
|  77|0x0000000084d00000, 0x0000000084e00000, 0x0000000084e00000|100%| O|  |TAMS 0x0000000084e00000| PB 0x0000000084e00000| Untracked |  0
|  78|0x0000000084e00000, 0x0000000084f00000, 0x0000000084f00000|100%| O|  |TAMS 0x0000000084f00000| PB 0x0000000084f00000| Untracked |  0
|  79|0x0000000084f00000, 0x0000000085000000, 0x0000000085000000|100%| O|  |TAMS 0x0000000085000000| PB 0x0000000085000000| Untracked |  0
|  80|0x0000000085000000, 0x0000000085100000, 0x0000000085100000|100%| O|Cm|TAMS 0x0000000085100000| PB 0x0000000085100000| Updating |  0
|  81|0x0000000085100000, 0x0000000085200000, 0x0000000085200000|100%|HS|  |TAMS 0x0000000085200000| PB 0x0000000085100000| Complete |  0
|  82|0x0000000085200000, 0x0000000085300000, 0x0000000085300000|100%|HS|  |TAMS 0x0000000085300000| PB 0x0000000085200000| Complete |  0
|  83|0x0000000085300000, 0x0000000085400000, 0x0000000085400000|100%| O|  |TAMS 0x0000000085400000| PB 0x0000000085400000| Untracked |  0
|  84|0x0000000085400000, 0x0000000085500000, 0x0000000085500000|100%| O|Cm|TAMS 0x0000000085500000| PB 0x0000000085500000| Updating |  0
|  85|0x0000000085500000, 0x0000000085600000, 0x0000000085600000|100%|HS|  |TAMS 0x0000000085600000| PB 0x0000000085500000| Complete |  0
|  86|0x0000000085600000, 0x0000000085700000, 0x0000000085700000|100%|HC|  |TAMS 0x0000000085700000| PB 0x0000000085600000| Complete |  0
|  87|0x0000000085700000, 0x0000000085800000, 0x0000000085800000|100%|HS|  |TAMS 0x0000000085800000| PB 0x0000000085700000| Complete |  0
|  88|0x0000000085800000, 0x0000000085900000, 0x0000000085900000|100%| O|  |TAMS 0x0000000085900000| PB 0x0000000085900000| Untracked |  0
|  89|0x0000000085900000, 0x0000000085a00000, 0x0000000085a00000|100%| O|  |TAMS 0x0000000085a00000| PB 0x0000000085a00000| Untracked |  0
|  90|0x0000000085a00000, 0x0000000085b00000, 0x0000000085b00000|100%| O|  |TAMS 0x0000000085b00000| PB 0x0000000085b00000| Untracked |  0
|  91|0x0000000085b00000, 0x0000000085c00000, 0x0000000085c00000|100%| O|Cm|TAMS 0x0000000085c00000| PB 0x0000000085c00000| Updating |  0
|  92|0x0000000085c00000, 0x0000000085d00000, 0x0000000085d00000|100%| O|  |TAMS 0x0000000085d00000| PB 0x0000000085d00000| Untracked |  0
|  93|0x0000000085d00000, 0x0000000085e00000, 0x0000000085e00000|100%|HS|  |TAMS 0x0000000085e00000| PB 0x0000000085d00000| Complete |  0
|  94|0x0000000085e00000, 0x0000000085f00000, 0x0000000085f00000|100%| O|  |TAMS 0x0000000085f00000| PB 0x0000000085f00000| Untracked |  0
|  95|0x0000000085f00000, 0x0000000086000000, 0x0000000086000000|100%|HS|  |TAMS 0x0000000086000000| PB 0x0000000085f00000| Complete |  0
|  96|0x0000000086000000, 0x0000000086100000, 0x0000000086100000|100%|HC|  |TAMS 0x0000000086100000| PB 0x0000000086000000| Complete |  0
|  97|0x0000000086100000, 0x0000000086200000, 0x0000000086200000|100%| O|Cm|TAMS 0x0000000086200000| PB 0x0000000086200000| Updating |  0
|  98|0x0000000086200000, 0x0000000086300000, 0x0000000086300000|100%| O|  |TAMS 0x0000000086300000| PB 0x0000000086300000| Untracked |  0
|  99|0x0000000086300000, 0x0000000086400000, 0x0000000086400000|100%|HS|  |TAMS 0x0000000086300000| PB 0x0000000086300000| Complete |  0
| 100|0x0000000086400000, 0x0000000086500000, 0x0000000086500000|100%| O|  |TAMS 0x0000000086500000| PB 0x0000000086500000| Untracked |  0
| 101|0x0000000086500000, 0x0000000086600000, 0x0000000086600000|100%| O|  |TAMS 0x0000000086600000| PB 0x0000000086600000| Untracked |  0
| 102|0x0000000086600000, 0x0000000086700000, 0x0000000086700000|100%| O|  |TAMS 0x0000000086700000| PB 0x0000000086700000| Untracked |  0
| 103|0x0000000086700000, 0x0000000086800000, 0x0000000086800000|100%| O|  |TAMS 0x0000000086800000| PB 0x0000000086800000| Untracked |  0
| 104|0x0000000086800000, 0x0000000086900000, 0x0000000086900000|100%| O|  |TAMS 0x0000000086900000| PB 0x0000000086900000| Untracked |  0
| 105|0x0000000086900000, 0x0000000086a00000, 0x0000000086a00000|100%| O|  |TAMS 0x0000000086a00000| PB 0x0000000086a00000| Untracked |  0
| 106|0x0000000086a00000, 0x0000000086b00000, 0x0000000086b00000|100%| O|  |TAMS 0x0000000086b00000| PB 0x0000000086b00000| Untracked |  0
| 107|0x0000000086b00000, 0x0000000086c00000, 0x0000000086c00000|100%|HS|  |TAMS 0x0000000086b00000| PB 0x0000000086b00000| Complete |  0
| 108|0x0000000086c00000, 0x0000000086d00000, 0x0000000086d00000|100%| O|  |TAMS 0x0000000086d00000| PB 0x0000000086d00000| Untracked |  0
| 109|0x0000000086d00000, 0x0000000086e00000, 0x0000000086e00000|100%| O|  |TAMS 0x0000000086e00000| PB 0x0000000086e00000| Untracked |  0
| 110|0x0000000086e00000, 0x0000000086f00000, 0x0000000086f00000|100%|HS|  |TAMS 0x0000000086f00000| PB 0x0000000086e00000| Complete |  0
| 111|0x0000000086f00000, 0x0000000087000000, 0x0000000087000000|100%|HS|  |TAMS 0x0000000087000000| PB 0x0000000086f00000| Complete |  0
| 112|0x0000000087000000, 0x0000000087100000, 0x0000000087100000|100%| O|Cm|TAMS 0x0000000087100000| PB 0x0000000087100000| Updating |  0
| 113|0x0000000087100000, 0x0000000087200000, 0x0000000087200000|100%| O|Cm|TAMS 0x0000000087200000| PB 0x0000000087200000| Updating |  0
| 114|0x0000000087200000, 0x0000000087300000, 0x0000000087300000|100%| O|  |TAMS 0x0000000087300000| PB 0x0000000087300000| Untracked |  0
| 115|0x0000000087300000, 0x0000000087400000, 0x0000000087400000|100%| O|  |TAMS 0x0000000087400000| PB 0x0000000087400000| Untracked |  0
| 116|0x0000000087400000, 0x0000000087500000, 0x0000000087500000|100%| O|  |TAMS 0x0000000087500000| PB 0x0000000087500000| Untracked |  0
| 117|0x0000000087500000, 0x0000000087600000, 0x0000000087600000|100%|HS|  |TAMS 0x0000000087600000| PB 0x0000000087500000| Complete |  0
| 118|0x0000000087600000, 0x0000000087700000, 0x0000000087700000|100%|HC|  |TAMS 0x0000000087700000| PB 0x0000000087600000| Complete |  0
| 119|0x0000000087700000, 0x0000000087800000, 0x0000000087800000|100%|HC|  |TAMS 0x0000000087800000| PB 0x0000000087700000| Complete |  0
| 120|0x0000000087800000, 0x0000000087900000, 0x0000000087900000|100%| O|  |TAMS 0x0000000087900000| PB 0x0000000087900000| Untracked |  0
| 121|0x0000000087900000, 0x0000000087a00000, 0x0000000087a00000|100%| O|  |TAMS 0x0000000087a00000| PB 0x0000000087a00000| Untracked |  0
| 122|0x0000000087a00000, 0x0000000087b00000, 0x0000000087b00000|100%| O|  |TAMS 0x0000000087b00000| PB 0x0000000087b00000| Untracked |  0
| 123|0x0000000087b00000, 0x0000000087c00000, 0x0000000087c00000|100%| O|  |TAMS 0x0000000087c00000| PB 0x0000000087c00000| Untracked |  0
| 124|0x0000000087c00000, 0x0000000087d00000, 0x0000000087d00000|100%| O|  |TAMS 0x0000000087d00000| PB 0x0000000087d00000| Untracked |  0
| 125|0x0000000087d00000, 0x0000000087e00000, 0x0000000087e00000|100%| O|Cm|TAMS 0x0000000087e00000| PB 0x0000000087e00000| Updating |  0
| 126|0x0000000087e00000, 0x0000000087f00000, 0x0000000087f00000|100%| O|Cm|TAMS 0x0000000087f00000| PB 0x0000000087f00000| Updating |  0
| 127|0x0000000087f00000, 0x0000000088000000, 0x0000000088000000|100%| O|Cm|TAMS 0x0000000088000000| PB 0x0000000088000000| Updating |  0
| 128|0x0000000088000000, 0x0000000088100000, 0x0000000088100000|100%| O|Cm|TAMS 0x0000000088100000| PB 0x0000000088100000| Updating |  0
| 129|0x0000000088100000, 0x0000000088200000, 0x0000000088200000|100%| O|  |TAMS 0x0000000088200000| PB 0x0000000088200000| Untracked |  0
| 130|0x0000000088200000, 0x0000000088300000, 0x0000000088300000|100%| O|  |TAMS 0x0000000088300000| PB 0x0000000088300000| Untracked |  0
| 131|0x0000000088300000, 0x0000000088400000, 0x0000000088400000|100%| O|  |TAMS 0x0000000088400000| PB 0x0000000088400000| Untracked |  0
| 132|0x0000000088400000, 0x0000000088500000, 0x0000000088500000|100%| O|Cm|TAMS 0x0000000088500000| PB 0x0000000088500000| Updating |  0
| 133|0x0000000088500000, 0x0000000088500000, 0x0000000088600000|  0%| F|  |TAMS 0x0000000088500000| PB 0x0000000088500000| Untracked |  0
| 134|0x0000000088600000, 0x0000000088600000, 0x0000000088700000|  0%| F|  |TAMS 0x0000000088600000| PB 0x0000000088600000| Untracked |  0
| 135|0x0000000088700000, 0x0000000088700000, 0x0000000088800000|  0%| F|  |TAMS 0x0000000088700000| PB 0x0000000088700000| Untracked |  0
| 136|0x0000000088800000, 0x0000000088800000, 0x0000000088900000|  0%| F|  |TAMS 0x0000000088800000| PB 0x0000000088800000| Untracked |  0
| 137|0x0000000088900000, 0x0000000088900000, 0x0000000088a00000|  0%| F|  |TAMS 0x0000000088900000| PB 0x0000000088900000| Untracked |  0
| 138|0x0000000088a00000, 0x0000000088a00000, 0x0000000088b00000|  0%| F|  |TAMS 0x0000000088a00000| PB 0x0000000088a00000| Untracked |  0
| 139|0x0000000088b00000, 0x0000000088b00000, 0x0000000088c00000|  0%| F|  |TAMS 0x0000000088b00000| PB 0x0000000088b00000| Untracked |  0
| 140|0x0000000088c00000, 0x0000000088c00000, 0x0000000088d00000|  0%| F|  |TAMS 0x0000000088c00000| PB 0x0000000088c00000| Untracked |  0
| 141|0x0000000088d00000, 0x0000000088d00000, 0x0000000088e00000|  0%| F|  |TAMS 0x0000000088d00000| PB 0x0000000088d00000| Untracked |  0
| 142|0x0000000088e00000, 0x0000000088e00000, 0x0000000088f00000|  0%| F|  |TAMS 0x0000000088e00000| PB 0x0000000088e00000| Untracked |  0
| 143|0x0000000088f00000, 0x0000000088f00000, 0x0000000089000000|  0%| F|  |TAMS 0x0000000088f00000| PB 0x0000000088f00000| Untracked |  0
| 144|0x0000000089000000, 0x0000000089000000, 0x0000000089100000|  0%| F|  |TAMS 0x0000000089000000| PB 0x0000000089000000| Untracked |  0
| 145|0x0000000089100000, 0x0000000089100000, 0x0000000089200000|  0%| F|  |TAMS 0x0000000089100000| PB 0x0000000089100000| Untracked |  0
| 146|0x0000000089200000, 0x0000000089200000, 0x0000000089300000|  0%| F|  |TAMS 0x0000000089200000| PB 0x0000000089200000| Untracked |  0
| 147|0x0000000089300000, 0x0000000089300000, 0x0000000089400000|  0%| F|  |TAMS 0x0000000089300000| PB 0x0000000089300000| Untracked |  0
| 148|0x0000000089400000, 0x0000000089400000, 0x0000000089500000|  0%| F|  |TAMS 0x0000000089400000| PB 0x0000000089400000| Untracked |  0
| 149|0x0000000089500000, 0x0000000089500000, 0x0000000089600000|  0%| F|  |TAMS 0x0000000089500000| PB 0x0000000089500000| Untracked |  0
| 150|0x0000000089600000, 0x0000000089600000, 0x0000000089700000|  0%| F|  |TAMS 0x0000000089600000| PB 0x0000000089600000| Untracked |  0
| 151|0x0000000089700000, 0x0000000089700000, 0x0000000089800000|  0%| F|  |TAMS 0x0000000089700000| PB 0x0000000089700000| Untracked |  0
| 152|0x0000000089800000, 0x0000000089800000, 0x0000000089900000|  0%| F|  |TAMS 0x0000000089800000| PB 0x0000000089800000| Untracked |  0
| 153|0x0000000089900000, 0x0000000089900000, 0x0000000089a00000|  0%| F|  |TAMS 0x0000000089900000| PB 0x0000000089900000| Untracked |  0
| 154|0x0000000089a00000, 0x0000000089a00000, 0x0000000089b00000|  0%| F|  |TAMS 0x0000000089a00000| PB 0x0000000089a00000| Untracked |  0
| 155|0x0000000089b00000, 0x0000000089b00000, 0x0000000089c00000|  0%| F|  |TAMS 0x0000000089b00000| PB 0x0000000089b00000| Untracked |  0
| 156|0x0000000089c00000, 0x0000000089c00000, 0x0000000089d00000|  0%| F|  |TAMS 0x0000000089c00000| PB 0x0000000089c00000| Untracked |  0
| 157|0x0000000089d00000, 0x0000000089d00000, 0x0000000089e00000|  0%| F|  |TAMS 0x0000000089d00000| PB 0x0000000089d00000| Untracked |  0
| 158|0x0000000089e00000, 0x0000000089e00000, 0x0000000089f00000|  0%| F|  |TAMS 0x0000000089e00000| PB 0x0000000089e00000| Untracked |  0
| 159|0x0000000089f00000, 0x0000000089f00000, 0x000000008a000000|  0%| F|  |TAMS 0x0000000089f00000| PB 0x0000000089f00000| Untracked |  0
| 160|0x000000008a000000, 0x000000008a000000, 0x000000008a100000|  0%| F|  |TAMS 0x000000008a000000| PB 0x000000008a000000| Untracked |  0
| 161|0x000000008a100000, 0x000000008a100000, 0x000000008a200000|  0%| F|  |TAMS 0x000000008a100000| PB 0x000000008a100000| Untracked |  0
| 162|0x000000008a200000, 0x000000008a200000, 0x000000008a300000|  0%| F|  |TAMS 0x000000008a200000| PB 0x000000008a200000| Untracked |  0
| 163|0x000000008a300000, 0x000000008a300000, 0x000000008a400000|  0%| F|  |TAMS 0x000000008a300000| PB 0x000000008a300000| Untracked |  0
| 164|0x000000008a400000, 0x000000008a400000, 0x000000008a500000|  0%| F|  |TAMS 0x000000008a400000| PB 0x000000008a400000| Untracked |  0
| 165|0x000000008a500000, 0x000000008a500000, 0x000000008a600000|  0%| F|  |TAMS 0x000000008a500000| PB 0x000000008a500000| Untracked |  0
| 166|0x000000008a600000, 0x000000008a600000, 0x000000008a700000|  0%| F|  |TAMS 0x000000008a600000| PB 0x000000008a600000| Untracked |  0
| 167|0x000000008a700000, 0x000000008a700000, 0x000000008a800000|  0%| F|  |TAMS 0x000000008a700000| PB 0x000000008a700000| Untracked |  0
| 168|0x000000008a800000, 0x000000008a800000, 0x000000008a900000|  0%| F|  |TAMS 0x000000008a800000| PB 0x000000008a800000| Untracked |  0
| 169|0x000000008a900000, 0x000000008a900000, 0x000000008aa00000|  0%| F|  |TAMS 0x000000008a900000| PB 0x000000008a900000| Untracked |  0
| 170|0x000000008aa00000, 0x000000008aa00000, 0x000000008ab00000|  0%| F|  |TAMS 0x000000008aa00000| PB 0x000000008aa00000| Untracked |  0
| 171|0x000000008ab00000, 0x000000008ab00000, 0x000000008ac00000|  0%| F|  |TAMS 0x000000008ab00000| PB 0x000000008ab00000| Untracked |  0
| 172|0x000000008ac00000, 0x000000008ac00000, 0x000000008ad00000|  0%| F|  |TAMS 0x000000008ac00000| PB 0x000000008ac00000| Untracked |  0
| 173|0x000000008ad00000, 0x000000008ad00000, 0x000000008ae00000|  0%| F|  |TAMS 0x000000008ad00000| PB 0x000000008ad00000| Untracked |  0
| 174|0x000000008ae00000, 0x000000008ae00000, 0x000000008af00000|  0%| F|  |TAMS 0x000000008ae00000| PB 0x000000008ae00000| Untracked |  0
| 175|0x000000008af00000, 0x000000008af00000, 0x000000008b000000|  0%| F|  |TAMS 0x000000008af00000| PB 0x000000008af00000| Untracked |  0
| 176|0x000000008b000000, 0x000000008b000000, 0x000000008b100000|  0%| F|  |TAMS 0x000000008b000000| PB 0x000000008b000000| Untracked |  0
| 177|0x000000008b100000, 0x000000008b100000, 0x000000008b200000|  0%| F|  |TAMS 0x000000008b100000| PB 0x000000008b100000| Untracked |  0
| 178|0x000000008b200000, 0x000000008b200000, 0x000000008b300000|  0%| F|  |TAMS 0x000000008b200000| PB 0x000000008b200000| Untracked |  0
| 179|0x000000008b300000, 0x000000008b300000, 0x000000008b400000|  0%| F|  |TAMS 0x000000008b300000| PB 0x000000008b300000| Untracked |  0
| 180|0x000000008b400000, 0x000000008b481cb8, 0x000000008b500000| 50%| S|CS|TAMS 0x000000008b400000| PB 0x000000008b400000| Complete |  0
| 181|0x000000008b500000, 0x000000008b600000, 0x000000008b600000|100%| S|CS|TAMS 0x000000008b500000| PB 0x000000008b500000| Complete |  0
| 182|0x000000008b600000, 0x000000008b700000, 0x000000008b700000|100%| S|CS|TAMS 0x000000008b600000| PB 0x000000008b600000| Complete |  0
| 183|0x000000008b700000, 0x000000008b800000, 0x000000008b800000|100%| S|CS|TAMS 0x000000008b700000| PB 0x000000008b700000| Complete |  0
| 184|0x000000008b800000, 0x000000008b900000, 0x000000008b900000|100%| S|CS|TAMS 0x000000008b800000| PB 0x000000008b800000| Complete |  0
| 185|0x000000008b900000, 0x000000008b900000, 0x000000008ba00000|  0%| F|  |TAMS 0x000000008b900000| PB 0x000000008b900000| Untracked |  0
| 186|0x000000008ba00000, 0x000000008ba00000, 0x000000008bb00000|  0%| F|  |TAMS 0x000000008ba00000| PB 0x000000008ba00000| Untracked |  0
| 187|0x000000008bb00000, 0x000000008bb00000, 0x000000008bc00000|  0%| F|  |TAMS 0x000000008bb00000| PB 0x000000008bb00000| Untracked |  0
| 188|0x000000008bc00000, 0x000000008bc00000, 0x000000008bd00000|  0%| F|  |TAMS 0x000000008bc00000| PB 0x000000008bc00000| Untracked |  0
| 189|0x000000008bd00000, 0x000000008bd00000, 0x000000008be00000|  0%| F|  |TAMS 0x000000008bd00000| PB 0x000000008bd00000| Untracked |  0
| 190|0x000000008be00000, 0x000000008be00000, 0x000000008bf00000|  0%| F|  |TAMS 0x000000008be00000| PB 0x000000008be00000| Untracked |  0
| 191|0x000000008bf00000, 0x000000008bf00000, 0x000000008c000000|  0%| F|  |TAMS 0x000000008bf00000| PB 0x000000008bf00000| Untracked |  0
| 192|0x000000008c000000, 0x000000008c000000, 0x000000008c100000|  0%| F|  |TAMS 0x000000008c000000| PB 0x000000008c000000| Untracked |  0
| 193|0x000000008c100000, 0x000000008c100000, 0x000000008c200000|  0%| F|  |TAMS 0x000000008c100000| PB 0x000000008c100000| Untracked |  0
| 194|0x000000008c200000, 0x000000008c200000, 0x000000008c300000|  0%| F|  |TAMS 0x000000008c200000| PB 0x000000008c200000| Untracked |  0
| 195|0x000000008c300000, 0x000000008c300000, 0x000000008c400000|  0%| F|  |TAMS 0x000000008c300000| PB 0x000000008c300000| Untracked |  0
| 196|0x000000008c400000, 0x000000008c400000, 0x000000008c500000|  0%| F|  |TAMS 0x000000008c400000| PB 0x000000008c400000| Untracked |  0
| 197|0x000000008c500000, 0x000000008c500000, 0x000000008c600000|  0%| F|  |TAMS 0x000000008c500000| PB 0x000000008c500000| Untracked |  0
| 198|0x000000008c600000, 0x000000008c600000, 0x000000008c700000|  0%| F|  |TAMS 0x000000008c600000| PB 0x000000008c600000| Untracked |  0
| 199|0x000000008c700000, 0x000000008c800000, 0x000000008c800000|100%| E|  |TAMS 0x000000008c700000| PB 0x000000008c700000| Complete |  0
| 200|0x000000008c800000, 0x000000008c900000, 0x000000008c900000|100%| E|CS|TAMS 0x000000008c800000| PB 0x000000008c800000| Complete |  0
| 201|0x000000008c900000, 0x000000008ca00000, 0x000000008ca00000|100%| E|CS|TAMS 0x000000008c900000| PB 0x000000008c900000| Complete |  0
| 202|0x000000008ca00000, 0x000000008cb00000, 0x000000008cb00000|100%| E|CS|TAMS 0x000000008ca00000| PB 0x000000008ca00000| Complete |  0
| 203|0x000000008cb00000, 0x000000008cc00000, 0x000000008cc00000|100%| E|CS|TAMS 0x000000008cb00000| PB 0x000000008cb00000| Complete |  0
| 204|0x000000008cc00000, 0x000000008cd00000, 0x000000008cd00000|100%| E|CS|TAMS 0x000000008cc00000| PB 0x000000008cc00000| Complete |  0
| 205|0x000000008cd00000, 0x000000008ce00000, 0x000000008ce00000|100%| E|CS|TAMS 0x000000008cd00000| PB 0x000000008cd00000| Complete |  0
|2039|0x00000000ff700000, 0x00000000ff800000, 0x00000000ff800000|100%| E|CS|TAMS 0x00000000ff700000| PB 0x00000000ff700000| Complete |  1
|2040|0x00000000ff800000, 0x00000000ff800000, 0x00000000ff900000|  0%| F|  |TAMS 0x00000000ff800000| PB 0x00000000ff800000| Untracked |  0
|2041|0x00000000ff900000, 0x00000000ffa00000, 0x00000000ffa00000|100%| E|CS|TAMS 0x00000000ff900000| PB 0x00000000ff900000| Complete |  0
|2042|0x00000000ffa00000, 0x00000000ffb00000, 0x00000000ffb00000|100%| E|CS|TAMS 0x00000000ffa00000| PB 0x00000000ffa00000| Complete |  0
|2043|0x00000000ffb00000, 0x00000000ffc00000, 0x00000000ffc00000|100%| E|CS|TAMS 0x00000000ffb00000| PB 0x00000000ffb00000| Complete |  0
|2044|0x00000000ffc00000, 0x00000000ffd00000, 0x00000000ffd00000|100%| O|  |TAMS 0x00000000ffd00000| PB 0x00000000ffd00000| Untracked |  0
|2045|0x00000000ffd00000, 0x00000000ffe00000, 0x00000000ffe00000|100%| O|  |TAMS 0x00000000ffe00000| PB 0x00000000ffe00000| Untracked |  0
|2046|0x00000000ffe00000, 0x00000000fff00000, 0x00000000fff00000|100%| O|  |TAMS 0x00000000fff00000| PB 0x00000000fff00000| Untracked |  0
|2047|0x00000000fff00000, 0x0000000100000000, 0x0000000100000000|100%| O|  |TAMS 0x0000000100000000| PB 0x0000000100000000| Untracked |  0

Card table byte_map: [0x0000014f1c830000,0x0000014f1cc30000] _byte_map_base: 0x0000014f1c430000

Marking Bits: (CMBitMap*) 0x0000014f04d49830
 Bits: [0x0000014f1cc30000, 0x0000014f1ec30000)

Polling page: 0x0000014f044b0000

Metaspace:

Usage:
  Non-class:    107.57 MB used.
      Class:     16.38 MB used.
       Both:    123.96 MB used.

Virtual space:
  Non-class space:      128.00 MB reserved,     108.88 MB ( 85%) committed,  2 nodes.
      Class space:        1.00 GB reserved,      17.56 MB (  2%) committed,  1 nodes.
             Both:        1.12 GB reserved,     126.44 MB ( 11%) committed. 

Chunk freelists:
   Non-Class:  2.45 MB
       Class:  14.47 MB
        Both:  16.92 MB

MaxMetaspaceSize: unlimited
CompressedClassSpaceSize: 1.00 GB
Initial GC threshold: 21.00 MB
Current GC threshold: 191.69 MB
CDS: on
 - commit_granule_bytes: 65536.
 - commit_granule_words: 8192.
 - virtual_space_node_default_size: 8388608.
 - enlarge_chunks_in_place: 1.
 - use_allocation_guard: 0.


Internal statistics:

num_allocs_failed_limit: 6.
num_arena_births: 4444.
num_arena_deaths: 0.
num_vsnodes_births: 3.
num_vsnodes_deaths: 0.
num_space_committed: 2022.
num_space_uncommitted: 0.
num_chunks_returned_to_freelist: 6.
num_chunks_taken_from_freelist: 9623.
num_chunk_merges: 6.
num_chunk_splits: 6751.
num_chunks_enlarged: 4713.
num_inconsistent_stats: 0.

CodeHeap 'non-profiled nmethods': size=120064Kb used=6088Kb max_used=6167Kb free=113976Kb
 bounds [0x0000014f14ef0000, 0x0000014f15500000, 0x0000014f1c430000]
CodeHeap 'profiled nmethods': size=120000Kb used=22209Kb max_used=22613Kb free=97790Kb
 bounds [0x0000014f0d430000, 0x0000014f0ea50000, 0x0000014f14960000]
CodeHeap 'non-nmethods': size=5696Kb used=2583Kb max_used=2613Kb free=3113Kb
 bounds [0x0000014f14960000, 0x0000014f14c00000, 0x0000014f14ef0000]
CodeCache: size=245760Kb, used=30880Kb, max_used=31393Kb, free=214879Kb
 total_blobs=14538, nmethods=13506, adapters=934, full_count=0
Compilation: enabled, stopped_count=0, restarted_count=0

Compilation events (20 events):
Event: 99.903 Thread 0x0000014f211f2770 nmethod 15918 0x0000014f0ea41788 code [0x0000014f0ea418e0, 0x0000014f0ea41c78]
Event: 99.904 Thread 0x0000014f211f1aa0 15919       4       java.math.BigInteger::implSquareToLen (154 bytes)
Event: 99.918 Thread 0x0000014f211f2770 15920       3       java.math.MutableBigInteger::normalize (91 bytes)
Event: 99.918 Thread 0x0000014f211f2770 nmethod 15920 0x0000014f0ea41d08 code [0x0000014f0ea41e40, 0x0000014f0ea42180]
Event: 99.918 Thread 0x0000014f211f2770 15921       3       java.math.MutableBigInteger::getLowestSetBit (74 bytes)
Event: 99.919 Thread 0x0000014f211f2770 nmethod 15921 0x0000014f0ea42208 code [0x0000014f0ea42360, 0x0000014f0ea42688]
Event: 99.919 Thread 0x0000014f211f2770 15922       3       java.math.MutableBigInteger::isZero (13 bytes)
Event: 99.919 Thread 0x0000014f211f2770 nmethod 15922 0x0000014f0ea42708 code [0x0000014f0ea42820, 0x0000014f0ea42978]
Event: 99.919 Thread 0x0000014f211f2770 15923       3       java.math.MutableBigInteger::subtract (220 bytes)
Event: 99.919 Thread 0x0000014f211f2770 nmethod 15923 0x0000014f0ea42a08 code [0x0000014f0ea42ba0, 0x0000014f0ea432b0]
Event: 99.920 Thread 0x0000014f211f2770 15924       3       java.math.MutableBigInteger::add (346 bytes)
Event: 99.921 Thread 0x0000014f211f2770 nmethod 15924 0x0000014f0ea43308 code [0x0000014f0ea434a0, 0x0000014f0ea43e10]
Event: 99.921 Thread 0x0000014f211f2770 15926       3       java.math.MutableBigInteger::leftShift (293 bytes)
Event: 99.921 Thread 0x0000014f211f2770 nmethod 15926 0x0000014f0ea43e88 code [0x0000014f0ea44060, 0x0000014f0ea44a80]
Event: 99.921 Thread 0x0000014f211f2770 15927       3       java.math.MutableBigInteger::primitiveLeftShift (89 bytes)
Event: 99.921 Thread 0x0000014f211f2770 nmethod 15927 0x0000014f0ea44b08 code [0x0000014f0ea44c40, 0x0000014f0ea44eb0]
Event: 99.921 Thread 0x0000014f211f2770 15925       3       java.math.MutableBigInteger::rightShift (79 bytes)
Event: 99.922 Thread 0x0000014f211f2770 nmethod 15925 0x0000014f0ea44f08 code [0x0000014f0ea45080, 0x0000014f0ea45400]
Event: 99.924 Thread 0x0000014f211f1aa0 nmethod 15919 0x0000014f154f5208 code [0x0000014f154f5360, 0x0000014f154f5e58]
Event: 99.925 Thread 0x0000014f211f1aa0 15928 %     4       java.math.BigInteger::montReduce @ 9 (99 bytes)

GC Heap History (20 events):
Event: 73.630 GC heap before
{Heap before GC invocations=47 (full 0):
 garbage-first heap   total reserved 2097152K, committed 176128K, used 150444K [0x0000000080000000, 0x0000000100000000)
  region size 1024K, 49 young (50176K), 4 survivors (4096K)
 Metaspace       used 114666K, committed 116992K, reserved 1179648K
  class space    used 15331K, committed 16448K, reserved 1048576K
}
Event: 73.640 GC heap after
{Heap after GC invocations=48 (full 0):
 garbage-first heap   total reserved 2097152K, committed 176128K, used 107115K [0x0000000080000000, 0x0000000100000000)
  region size 1024K, 6 young (6144K), 6 survivors (6144K)
 Metaspace       used 114666K, committed 116992K, reserved 1179648K
  class space    used 15331K, committed 16448K, reserved 1048576K
}
Event: 77.961 GC heap before
{Heap before GC invocations=48 (full 0):
 garbage-first heap   total reserved 2097152K, committed 176128K, used 158315K [0x0000000080000000, 0x0000000100000000)
  region size 1024K, 57 young (58368K), 6 survivors (6144K)
 Metaspace       used 114674K, committed 117056K, reserved 1179648K
  class space    used 15332K, committed 16448K, reserved 1048576K
}
Event: 78.000 GC heap after
{Heap after GC invocations=49 (full 0):
 garbage-first heap   total reserved 2097152K, committed 176128K, used 96627K [0x0000000080000000, 0x0000000100000000)
  region size 1024K, 6 young (6144K), 6 survivors (6144K)
 Metaspace       used 114674K, committed 117056K, reserved 1179648K
  class space    used 15332K, committed 16448K, reserved 1048576K
}
Event: 79.563 GC heap before
{Heap before GC invocations=49 (full 0):
 garbage-first heap   total reserved 2097152K, committed 176128K, used 159091K [0x0000000080000000, 0x0000000100000000)
  region size 1024K, 65 young (66560K), 6 survivors (6144K)
 Metaspace       used 114830K, committed 117184K, reserved 1179648K
  class space    used 15352K, committed 16448K, reserved 1048576K
}
Event: 79.587 GC heap after
{Heap after GC invocations=50 (full 0):
 garbage-first heap   total reserved 2097152K, committed 176128K, used 102400K [0x0000000080000000, 0x0000000100000000)
  region size 1024K, 9 young (9216K), 9 survivors (9216K)
 Metaspace       used 114830K, committed 117184K, reserved 1179648K
  class space    used 15352K, committed 16448K, reserved 1048576K
}
Event: 79.614 GC heap before
{Heap before GC invocations=50 (full 0):
 garbage-first heap   total reserved 2097152K, committed 176128K, used 102400K [0x0000000080000000, 0x0000000100000000)
  region size 1024K, 10 young (10240K), 9 survivors (9216K)
 Metaspace       used 114830K, committed 117184K, reserved 1179648K
  class space    used 15352K, committed 16448K, reserved 1048576K
}
Event: 79.630 GC heap after
{Heap after GC invocations=51 (full 0):
 garbage-first heap   total reserved 2097152K, committed 176128K, used 104035K [0x0000000080000000, 0x0000000100000000)
  region size 1024K, 2 young (2048K), 2 survivors (2048K)
 Metaspace       used 114830K, committed 117184K, reserved 1179648K
  class space    used 15352K, committed 16448K, reserved 1048576K
}
Event: 80.393 GC heap before
{Heap before GC invocations=52 (full 0):
 garbage-first heap   total reserved 2097152K, committed 176128K, used 158307K [0x0000000080000000, 0x0000000100000000)
  region size 1024K, 51 young (52224K), 2 survivors (2048K)
 Metaspace       used 114837K, committed 117184K, reserved 1179648K
  class space    used 15352K, committed 16448K, reserved 1048576K
}
Event: 80.415 GC heap after
{Heap after GC invocations=53 (full 0):
 garbage-first heap   total reserved 2097152K, committed 176128K, used 114688K [0x0000000080000000, 0x0000000100000000)
  region size 1024K, 7 young (7168K), 7 survivors (7168K)
 Metaspace       used 114837K, committed 117184K, reserved 1179648K
  class space    used 15352K, committed 16448K, reserved 1048576K
}
Event: 81.179 GC heap before
{Heap before GC invocations=53 (full 0):
 garbage-first heap   total reserved 2097152K, committed 176128K, used 163840K [0x0000000080000000, 0x0000000100000000)
  region size 1024K, 46 young (47104K), 7 survivors (7168K)
 Metaspace       used 114925K, committed 117248K, reserved 1179648K
  class space    used 15352K, committed 16448K, reserved 1048576K
}
Event: 81.215 GC heap after
{Heap after GC invocations=54 (full 0):
 garbage-first heap   total reserved 2097152K, committed 181248K, used 123392K [0x0000000080000000, 0x0000000100000000)
  region size 1024K, 6 young (6144K), 6 survivors (6144K)
 Metaspace       used 114925K, committed 117248K, reserved 1179648K
  class space    used 15352K, committed 16448K, reserved 1048576K
}
Event: 88.230 GC heap before
{Heap before GC invocations=54 (full 0):
 garbage-first heap   total reserved 2097152K, committed 181248K, used 159232K [0x0000000080000000, 0x0000000100000000)
  region size 1024K, 42 young (43008K), 6 survivors (6144K)
 Metaspace       used 115412K, committed 117760K, reserved 1179648K
  class space    used 15359K, committed 16448K, reserved 1048576K
}
Event: 88.259 GC heap after
{Heap after GC invocations=55 (full 0):
 garbage-first heap   total reserved 2097152K, committed 181248K, used 129596K [0x0000000080000000, 0x0000000100000000)
  region size 1024K, 6 young (6144K), 6 survivors (6144K)
 Metaspace       used 115412K, committed 117760K, reserved 1179648K
  class space    used 15359K, committed 16448K, reserved 1048576K
}
Event: 95.169 GC heap before
{Heap before GC invocations=56 (full 0):
 garbage-first heap   total reserved 2097152K, committed 220160K, used 167484K [0x0000000080000000, 0x0000000100000000)
  region size 1024K, 38 young (38912K), 6 survivors (6144K)
 Metaspace       used 117405K, committed 119744K, reserved 1179648K
  class space    used 15619K, committed 16704K, reserved 1048576K
}
Event: 95.185 GC heap after
{Heap after GC invocations=57 (full 0):
 garbage-first heap   total reserved 2097152K, committed 220160K, used 139838K [0x0000000080000000, 0x0000000100000000)
  region size 1024K, 5 young (5120K), 5 survivors (5120K)
 Metaspace       used 117405K, committed 119744K, reserved 1179648K
  class space    used 15619K, committed 16704K, reserved 1048576K
}
Event: 97.990 GC heap before
{Heap before GC invocations=57 (full 0):
 garbage-first heap   total reserved 2097152K, committed 220160K, used 194110K [0x0000000080000000, 0x0000000100000000)
  region size 1024K, 58 young (59392K), 5 survivors (5120K)
 Metaspace       used 122701K, committed 125120K, reserved 1179648K
  class space    used 16174K, committed 17280K, reserved 1048576K
}
Event: 98.017 GC heap after
{Heap after GC invocations=58 (full 0):
 garbage-first heap   total reserved 2097152K, committed 220160K, used 139264K [0x0000000080000000, 0x0000000100000000)
  region size 1024K, 2 young (2048K), 2 survivors (2048K)
 Metaspace       used 122701K, committed 125120K, reserved 1179648K
  class space    used 16174K, committed 17280K, reserved 1048576K
}
Event: 99.666 GC heap before
{Heap before GC invocations=58 (full 0):
 garbage-first heap   total reserved 2097152K, committed 220160K, used 163840K [0x0000000080000000, 0x0000000100000000)
  region size 1024K, 27 young (27648K), 2 survivors (2048K)
 Metaspace       used 126924K, committed 129472K, reserved 1179648K
  class space    used 16773K, committed 17984K, reserved 1048576K
}
Event: 99.672 GC heap after
{Heap after GC invocations=59 (full 0):
 garbage-first heap   total reserved 2097152K, committed 220160K, used 141831K [0x0000000080000000, 0x0000000100000000)
  region size 1024K, 5 young (5120K), 5 survivors (5120K)
 Metaspace       used 126924K, committed 129472K, reserved 1179648K
  class space    used 16773K, committed 17984K, reserved 1048576K
}

Dll operation events (15 events):
Event: 0.076 Loaded shared library C:\Program Files\Java\jdk-23\bin\java.dll
Event: 0.112 Loaded shared library C:\Program Files\Java\jdk-23\bin\jsvml.dll
Event: 0.161 Loaded shared library C:\Program Files\Java\jdk-23\bin\zip.dll
Event: 0.168 Loaded shared library C:\Program Files\Java\jdk-23\bin\instrument.dll
Event: 0.172 Loaded shared library C:\Program Files\Java\jdk-23\bin\net.dll
Event: 0.173 Loaded shared library C:\Program Files\Java\jdk-23\bin\nio.dll
Event: 0.175 Loaded shared library C:\Program Files\Java\jdk-23\bin\zip.dll
Event: 0.495 Loaded shared library C:\Program Files\Java\jdk-23\bin\jimage.dll
Event: 0.824 Loaded shared library C:\Program Files\Java\jdk-23\bin\verify.dll
Event: 1.014 Loaded shared library C:\Users\NDC\.gradle\native\1def1411415f61bf3af743bc5b6707747c0891f09f0c88961ee8f79bc544acac\windows-amd64\native-platform.dll
Event: 1.062 Loaded shared library C:\Users\NDC\.gradle\native\0.2.7\x86_64-windows-gnu\gradle-fileevents.dll
Event: 2.095 Loaded shared library C:\Program Files\Java\jdk-23\bin\management.dll
Event: 2.097 Loaded shared library C:\Program Files\Java\jdk-23\bin\management_ext.dll
Event: 2.337 Loaded shared library C:\Program Files\Java\jdk-23\bin\extnet.dll
Event: 2.673 Loaded shared library C:\Program Files\Java\jdk-23\bin\sunmscapi.dll

Deoptimization events (20 events):
Event: 99.661 Thread 0x0000014f67f73bd0 DEOPT PACKING pc=0x0000014f1503268c sp=0x000000014b4f10f0
Event: 99.661 Thread 0x0000014f67f73bd0 DEOPT UNPACKING pc=0x0000014f149b7982 sp=0x000000014b4f1030 mode 2
Event: 99.865 Thread 0x0000014f67f73bd0 DEOPT PACKING pc=0x0000014f0ea219f3 sp=0x000000014b4f2780
Event: 99.868 Thread 0x0000014f67f73bd0 DEOPT UNPACKING pc=0x0000014f149b84c2 sp=0x000000014b4f1bf8 mode 0
Event: 99.890 Thread 0x0000014f67f73bd0 Uncommon trap: trap_request=0xffffff45 fr.pc=0x0000014f14f6dccc relative=0x000000000000028c
Event: 99.890 Thread 0x0000014f67f73bd0 Uncommon trap: reason=unstable_if action=reinterpret pc=0x0000014f14f6dccc method=java.util.LinkedHashMap.get(Ljava/lang/Object;)Ljava/lang/Object; @ 16 c2
Event: 99.890 Thread 0x0000014f67f73bd0 DEOPT PACKING pc=0x0000014f14f6dccc sp=0x000000014b4f22e0
Event: 99.890 Thread 0x0000014f67f73bd0 DEOPT UNPACKING pc=0x0000014f149b7982 sp=0x000000014b4f2288 mode 2
Event: 99.890 Thread 0x0000014f67f73bd0 Uncommon trap: trap_request=0xffffff45 fr.pc=0x0000014f14f7d4cc relative=0x00000000000000ac
Event: 99.890 Thread 0x0000014f67f73bd0 Uncommon trap: reason=unstable_if action=reinterpret pc=0x0000014f14f7d4cc method=java.util.LinkedHashMap.afterNodeAccess(Ljava/util/HashMap$Node;)V @ 19 c2
Event: 99.890 Thread 0x0000014f67f73bd0 DEOPT PACKING pc=0x0000014f14f7d4cc sp=0x000000014b4f2280
Event: 99.890 Thread 0x0000014f67f73bd0 DEOPT UNPACKING pc=0x0000014f149b7982 sp=0x000000014b4f21f8 mode 2
Event: 99.892 Thread 0x0000014f67f73bd0 Uncommon trap: trap_request=0xffffff45 fr.pc=0x0000014f150f097c relative=0x000000000000445c
Event: 99.892 Thread 0x0000014f67f73bd0 Uncommon trap: reason=unstable_if action=reinterpret pc=0x0000014f150f097c method=java.util.jar.Attributes$Name.hash(Ljava/lang/String;)I @ 96 c2
Event: 99.892 Thread 0x0000014f67f73bd0 DEOPT PACKING pc=0x0000014f150f097c sp=0x000000014b4f2470
Event: 99.892 Thread 0x0000014f67f73bd0 DEOPT UNPACKING pc=0x0000014f149b7982 sp=0x000000014b4f2270 mode 2
Event: 99.903 Thread 0x0000014f67f73bd0 DEOPT PACKING pc=0x0000014f0ea37563 sp=0x000000014b4f1c10
Event: 99.903 Thread 0x0000014f67f73bd0 DEOPT UNPACKING pc=0x0000014f149b84c2 sp=0x000000014b4f1080 mode 0
Event: 99.904 Thread 0x0000014f67f73bd0 DEOPT PACKING pc=0x0000014f0ea31ec8 sp=0x000000014b4f1cc0
Event: 99.904 Thread 0x0000014f67f73bd0 DEOPT UNPACKING pc=0x0000014f149b84c2 sp=0x000000014b4f1140 mode 0

Classes loaded (20 events):
Event: 99.623 Loading class java/security/interfaces/ECKey
Event: 99.623 Loading class java/security/interfaces/ECKey done
Event: 99.623 Loading class java/security/interfaces/XECKey
Event: 99.623 Loading class java/security/interfaces/XECKey done
Event: 99.623 Loading class sun/security/util/KeyUtil
Event: 99.625 Loading class sun/security/util/KeyUtil done
Event: 99.625 Loading class sun/security/util/Length
Event: 99.628 Loading class sun/security/util/Length done
Event: 99.628 Loading class javax/crypto/SecretKey
Event: 99.629 Loading class javax/crypto/SecretKey done
Event: 99.630 Loading class java/util/Base64
Event: 99.630 Loading class java/util/Base64 done
Event: 99.630 Loading class java/util/Base64$Decoder
Event: 99.630 Loading class java/util/Base64$Decoder done
Event: 99.630 Loading class java/util/Base64$Encoder
Event: 99.631 Loading class java/util/Base64$Encoder done
Event: 99.635 Loading class java/util/jar/JarVerifier$VerifierStream
Event: 99.635 Loading class java/util/jar/JarVerifier$VerifierStream done
Event: 99.635 Loading class sun/security/util/ManifestEntryVerifier$SunProviderHolder
Event: 99.635 Loading class sun/security/util/ManifestEntryVerifier$SunProviderHolder done

Classes unloaded (0 events):
No events

Classes redefined (0 events):
No events

Internal exceptions (20 events):
Event: 64.297 Thread 0x0000014f67f73bd0 Exception <a 'java/lang/NoSuchMethodError'{0x0000000088f66bd8}: 'void java.lang.invoke.DirectMethodHandle$Holder.invokeSpecial(java.lang.Object, java.lang.Object, java.lang.Object, int)'> (0x0000000088f66bd8) 
thrown [s\open\src\hotspot\share\interpreter\linkResolver.cpp, line 796]
Event: 64.733 Thread 0x0000014f67f73bd0 Exception <a 'java/lang/NoSuchMethodError'{0x0000000088b98800}: 'int java.lang.invoke.DirectMethodHandle$Holder.invokeSpecialIFC(java.lang.Object, java.lang.Object, java.lang.Object)'> (0x0000000088b98800) 
thrown [s\open\src\hotspot\share\interpreter\linkResolver.cpp, line 796]
Event: 64.873 Thread 0x0000014f67f73bd0 Exception <a 'java/lang/NoSuchMethodError'{0x000000008870dfd8}: 'void java.lang.invoke.DirectMethodHandle$Holder.invokeStatic(java.lang.Object, java.lang.Object, java.lang.Object, int, java.lang.Object)'> (0x000000008870dfd8) 
thrown [s\open\src\hotspot\share\interpreter\linkResolver.cpp, line 796]
Event: 66.511 Thread 0x0000014f67f73bd0 Exception <a 'java/lang/IncompatibleClassChangeError'{0x0000000087983e08}: Found class java.lang.Object, but interface was expected> (0x0000000087983e08) 
thrown [s\open\src\hotspot\share\interpreter\linkResolver.cpp, line 863]
Event: 69.942 Thread 0x0000014f67f73bd0 Exception <a 'java/lang/NoSuchMethodError'{0x0000000087415e80}: 'java.lang.Object java.lang.invoke.DirectMethodHandle$Holder.invokeSpecialIFC(java.lang.Object, java.lang.Object, java.lang.Object)'> (0x0000000087415e80) 
thrown [s\open\src\hotspot\share\interpreter\linkResolver.cpp, line 796]
Event: 79.189 Thread 0x0000014f67f73bd0 Exception <a 'sun/nio/fs/WindowsException'{0x000000008803cca8}> (0x000000008803cca8) 
thrown [s\open\src\hotspot\share\prims\jni.cpp, line 520]
Event: 79.190 Thread 0x0000014f67f73bd0 Exception <a 'sun/nio/fs/WindowsException'{0x000000008803e7a8}> (0x000000008803e7a8) 
thrown [s\open\src\hotspot\share\prims\jni.cpp, line 520]
Event: 86.966 Thread 0x0000014f67f73bd0 Exception <a 'sun/nio/fs/WindowsException'{0x0000000088676640}> (0x0000000088676640) 
thrown [s\open\src\hotspot\share\prims\jni.cpp, line 520]
Event: 86.968 Thread 0x0000014f67f73bd0 Exception <a 'sun/nio/fs/WindowsException'{0x0000000088678000}> (0x0000000088678000) 
thrown [s\open\src\hotspot\share\prims\jni.cpp, line 520]
Event: 87.005 Thread 0x0000014f67f73bd0 Exception <a 'sun/nio/fs/WindowsException'{0x00000000886a33c8}> (0x00000000886a33c8) 
thrown [s\open\src\hotspot\share\prims\jni.cpp, line 520]
Event: 87.043 Thread 0x0000014f67f73bd0 Exception <a 'sun/nio/fs/WindowsException'{0x00000000886ab978}> (0x00000000886ab978) 
thrown [s\open\src\hotspot\share\prims\jni.cpp, line 520]
Event: 87.126 Thread 0x0000014f67f73bd0 Exception <a 'sun/nio/fs/WindowsException'{0x00000000886bee20}> (0x00000000886bee20) 
thrown [s\open\src\hotspot\share\prims\jni.cpp, line 520]
Event: 87.826 Thread 0x0000014f67f73bd0 Implicit null exception at 0x0000014f1537476d to 0x0000014f15374e20
Event: 87.826 Thread 0x0000014f67f73bd0 Implicit null exception at 0x0000014f153757cf to 0x0000014f15375e78
Event: 89.166 Thread 0x0000014f67f73bd0 Exception <a 'java/lang/NoSuchMethodError'{0x00000000ffa2e920}: 'void java.lang.invoke.Invokers$Holder.invoke_MT(java.lang.Object, java.lang.Object, java.lang.Object, java.lang.Object)'> (0x00000000ffa2e920) 
thrown [s\open\src\hotspot\share\interpreter\linkResolver.cpp, line 796]
Event: 89.243 Thread 0x0000014f67f73bd0 Exception <a 'java/lang/NoSuchMethodError'{0x00000000ffa66a00}: 'java.lang.Object java.lang.invoke.DirectMethodHandle$Holder.invokeStaticInit(java.lang.Object, java.lang.Object, java.lang.Object, java.lang.Object, java.lang.Object, java.lang.Object, java.lang.Object)'> (0x00000000ffa66a00) 
thrown [s\open\src\hotspot\share\interpreter\linkResolver.cpp, line 796]
Event: 91.317 Thread 0x0000014f67f73bd0 Exception <a 'java/lang/ClassNotFoundException'{0x000000008c6c9cc8}: sun/misc/SharedSecrets> (0x000000008c6c9cc8) 
thrown [s\open\src\hotspot\share\classfile\systemDictionary.cpp, line 313]
Event: 91.321 Thread 0x0000014f67f73bd0 Exception <a 'java/lang/ClassNotFoundException'{0x000000008c6cb2e0}: org/gradle/api/internal/plugins/DefaultObjectConfigurationActionBeanInfo> (0x000000008c6cb2e0) 
thrown [s\open\src\hotspot\share\classfile\systemDictionary.cpp, line 313]
Event: 91.343 Thread 0x0000014f67f73bd0 Exception <a 'java/lang/ClassNotFoundException'{0x000000008c6ded48}: org/gradle/api/internal/plugins/DefaultObjectConfigurationActionCustomizer> (0x000000008c6ded48) 
thrown [s\open\src\hotspot\share\classfile\systemDictionary.cpp, line 313]
Event: 95.808 Thread 0x0000014f67f73bd0 Exception <a 'java/lang/NoSuchMethodError'{0x000000008c69bca8}: 'int java.lang.invoke.DirectMethodHandle$Holder.invokeSpecialIFC(java.lang.Object, java.lang.Object, java.lang.Object, java.lang.Object, java.lang.Object)'> (0x000000008c69bca8) 
thrown [s\open\src\hotspot\share\interpreter\linkResolver.cpp, line 796]

VM Operations (20 events):
Event: 97.495 Executing VM operation: HandshakeAllThreads (Deoptimize) done
Event: 97.806 Executing VM operation: HandshakeAllThreads (Deoptimize)
Event: 97.806 Executing VM operation: HandshakeAllThreads (Deoptimize) done
Event: 97.990 Executing VM operation: G1CollectForAllocation (G1 Evacuation Pause)
Event: 98.019 Executing VM operation: G1CollectForAllocation (G1 Evacuation Pause) done
Event: 98.682 Executing VM operation: HandshakeAllThreads (Deoptimize)
Event: 98.700 Executing VM operation: HandshakeAllThreads (Deoptimize) done
Event: 98.868 Executing VM operation: HandshakeAllThreads (Deoptimize)
Event: 98.868 Executing VM operation: HandshakeAllThreads (Deoptimize) done
Event: 99.476 Executing VM operation: HandshakeAllThreads (Deoptimize)
Event: 99.476 Executing VM operation: HandshakeAllThreads (Deoptimize) done
Event: 99.513 Executing VM operation: HandshakeAllThreads (Deoptimize)
Event: 99.514 Executing VM operation: HandshakeAllThreads (Deoptimize) done
Event: 99.563 Executing VM operation: HandshakeAllThreads (Deoptimize)
Event: 99.564 Executing VM operation: HandshakeAllThreads (Deoptimize) done
Event: 99.565 Executing VM operation: HandshakeAllThreads (Deoptimize)
Event: 99.565 Executing VM operation: HandshakeAllThreads (Deoptimize) done
Event: 99.666 Executing VM operation: G1TryInitiateConcMark (G1 Humongous Allocation)
Event: 99.673 Executing VM operation: G1TryInitiateConcMark (G1 Humongous Allocation) done
Event: 99.943 Executing VM operation: G1PauseRemark

Memory protections (0 events):
No events

Nmethod flushes (20 events):
Event: 99.979 Thread 0x0000014f211c64b0 flushing  nmethod 0x0000014f0d63bb88
Event: 99.979 Thread 0x0000014f211c64b0 flushing  nmethod 0x0000014f0d63dc88
Event: 99.979 Thread 0x0000014f211c64b0 flushing  nmethod 0x0000014f0d671f08
Event: 99.979 Thread 0x0000014f211c64b0 flushing  nmethod 0x0000014f0d6c1e88
Event: 99.979 Thread 0x0000014f211c64b0 flushing  nmethod 0x0000014f0d6d2088
Event: 99.979 Thread 0x0000014f211c64b0 flushing  nmethod 0x0000014f0d737b08
Event: 99.979 Thread 0x0000014f211c64b0 flushing  nmethod 0x0000014f0d76d988
Event: 99.979 Thread 0x0000014f211c64b0 flushing  nmethod 0x0000014f0d7b5488
Event: 99.979 Thread 0x0000014f211c64b0 flushing  nmethod 0x0000014f0d939088
Event: 99.979 Thread 0x0000014f211c64b0 flushing  nmethod 0x0000014f0db28108
Event: 99.982 Thread 0x0000014f211c64b0 flushing  nmethod 0x0000014f0dc8b788
Event: 99.982 Thread 0x0000014f211c64b0 flushing  nmethod 0x0000014f0dc8c088
Event: 99.982 Thread 0x0000014f211c64b0 flushing  nmethod 0x0000014f0dd16688
Event: 99.982 Thread 0x0000014f211c64b0 flushing  nmethod 0x0000014f0ddbe708
Event: 99.982 Thread 0x0000014f211c64b0 flushing  nmethod 0x0000014f0df51308
Event: 99.982 Thread 0x0000014f211c64b0 flushing  nmethod 0x0000014f0e63da88
Event: 99.982 Thread 0x0000014f211c64b0 flushing  nmethod 0x0000014f0e63f208
Event: 99.982 Thread 0x0000014f211c64b0 flushing  nmethod 0x0000014f0e76b588
Event: 99.983 Thread 0x0000014f211c64b0 flushing  nmethod 0x0000014f0e8ad988
Event: 99.983 Thread 0x0000014f211c64b0 flushing  nmethod 0x0000014f0e8aed08

Events (20 events):
Event: 31.144 Thread 0x0000014f74e4f330 Thread exited: 0x0000014f74e4f330
Event: 32.520 Thread 0x0000014f211f2770 Thread added: 0x0000014f74e4d120
Event: 33.304 Thread 0x0000014f74e4d120 Thread exited: 0x0000014f74e4d120
Event: 40.152 Thread 0x0000014f67f73bd0 Thread added: 0x0000014f6b218a30
Event: 40.495 Thread 0x0000014f67f73bd0 Thread added: 0x0000014f6b2190c0
Event: 42.166 Thread 0x0000014f67f73bd0 Thread added: 0x0000014f6b5177b0
Event: 43.686 Thread 0x0000014f67f73bd0 Thread added: 0x0000014f6b517e40
Event: 52.251 Thread 0x0000014f68117ac0 Thread added: 0x0000014f6b517120
Event: 60.498 Thread 0x0000014f211f1aa0 Thread added: 0x0000014f675471f0
Event: 61.431 Thread 0x0000014f675471f0 Thread exited: 0x0000014f675471f0
Event: 66.545 Thread 0x0000014f67f73bd0 Thread added: 0x0000014f687df4b0
Event: 66.545 Thread 0x0000014f67f73bd0 Thread added: 0x0000014f687dc6c0
Event: 66.545 Thread 0x0000014f67f73bd0 Thread added: 0x0000014f687e3650
Event: 67.502 Thread 0x0000014f67f73bd0 Thread added: 0x0000014f687e0860
Event: 67.504 Thread 0x0000014f67f73bd0 Thread added: 0x0000014f687dcd50
Event: 67.506 Thread 0x0000014f67f73bd0 Thread added: 0x0000014f687e0ef0
Event: 69.965 Thread 0x0000014f67f73bd0 Thread added: 0x0000014f74ccb2a0
Event: 69.967 Thread 0x0000014f67f73bd0 Thread added: 0x0000014f74ccb930
Event: 69.970 Thread 0x0000014f67f73bd0 Thread added: 0x0000014f74cca580
Event: 98.940 Thread 0x0000014f67f73bd0 Thread added: 0x0000014f68cbeae0


Dynamic libraries:
0x00007ff627020000 - 0x00007ff627030000 	C:\Program Files\Java\jdk-23\bin\java.exe
0x00007ff99f030000 - 0x00007ff99f247000 	C:\WINDOWS\SYSTEM32\ntdll.dll
0x00007ff99dc10000 - 0x00007ff99dcd4000 	C:\WINDOWS\System32\KERNEL32.DLL
0x00007ff99c260000 - 0x00007ff99c630000 	C:\WINDOWS\System32\KERNELBASE.dll
0x00007ff99c900000 - 0x00007ff99ca11000 	C:\WINDOWS\System32\ucrtbase.dll
0x00007ff983760000 - 0x00007ff98377b000 	C:\Program Files\Java\jdk-23\bin\VCRUNTIME140.dll
0x00007ff984f70000 - 0x00007ff984f87000 	C:\Program Files\Java\jdk-23\bin\jli.dll
0x00007ff99cdb0000 - 0x00007ff99cf61000 	C:\WINDOWS\System32\USER32.dll
0x00007ff99c130000 - 0x00007ff99c156000 	C:\WINDOWS\System32\win32u.dll
0x00007ff99d9c0000 - 0x00007ff99d9e9000 	C:\WINDOWS\System32\GDI32.dll
0x00007ff99ca20000 - 0x00007ff99cb43000 	C:\WINDOWS\System32\gdi32full.dll
0x00007ff99c630000 - 0x00007ff99c6ca000 	C:\WINDOWS\System32\msvcp_win.dll
0x00007ff985b90000 - 0x00007ff985e2c000 	C:\WINDOWS\WinSxS\amd64_microsoft.windows.common-controls_6595b64144ccf1df_6.0.22621.5840_none_2710ea077384a4fe\COMCTL32.dll
0x00007ff99ea80000 - 0x00007ff99eb27000 	C:\WINDOWS\System32\msvcrt.dll
0x00007ff99ecf0000 - 0x00007ff99ed21000 	C:\WINDOWS\System32\IMM32.DLL
0x00007ff9857a0000 - 0x00007ff9857ac000 	C:\Program Files\Java\jdk-23\bin\vcruntime140_1.dll
0x00007ff966610000 - 0x00007ff96669e000 	C:\Program Files\Java\jdk-23\bin\msvcp140.dll
0x00007ff94a330000 - 0x00007ff94b080000 	C:\Program Files\Java\jdk-23\bin\server\jvm.dll
0x00007ff99cf70000 - 0x00007ff99d021000 	C:\WINDOWS\System32\ADVAPI32.dll
0x00007ff99dd00000 - 0x00007ff99dda8000 	C:\WINDOWS\System32\sechost.dll
0x00007ff99cb50000 - 0x00007ff99cb78000 	C:\WINDOWS\System32\bcrypt.dll
0x00007ff99eed0000 - 0x00007ff99efe8000 	C:\WINDOWS\System32\RPCRT4.dll
0x00007ff99e970000 - 0x00007ff99e9e1000 	C:\WINDOWS\System32\WS2_32.dll
0x00007ff99af10000 - 0x00007ff99af5d000 	C:\WINDOWS\SYSTEM32\POWRPROF.dll
0x00007ff990e80000 - 0x00007ff990e8a000 	C:\WINDOWS\SYSTEM32\VERSION.dll
0x00007ff992150000 - 0x00007ff992184000 	C:\WINDOWS\SYSTEM32\WINMM.dll
0x00007ff99aef0000 - 0x00007ff99af03000 	C:\WINDOWS\SYSTEM32\UMPDC.dll
0x00007ff99b1b0000 - 0x00007ff99b1c8000 	C:\WINDOWS\SYSTEM32\kernel.appcore.dll
0x00007ff9844a0000 - 0x00007ff9844aa000 	C:\Program Files\Java\jdk-23\bin\jimage.dll
0x00007ff999a10000 - 0x00007ff999c43000 	C:\WINDOWS\SYSTEM32\DBGHELP.DLL
0x00007ff99e540000 - 0x00007ff99e8d1000 	C:\WINDOWS\System32\combase.dll
0x00007ff99d030000 - 0x00007ff99d108000 	C:\WINDOWS\System32\OLEAUT32.dll
0x00007ff96d980000 - 0x00007ff96d9b2000 	C:\WINDOWS\SYSTEM32\dbgcore.DLL
0x00007ff99c1e0000 - 0x00007ff99c25b000 	C:\WINDOWS\System32\bcryptPrimitives.dll
0x00007ff982800000 - 0x00007ff98280f000 	C:\Program Files\Java\jdk-23\bin\instrument.dll
0x00007ff982880000 - 0x00007ff98289e000 	C:\Program Files\Java\jdk-23\bin\java.dll
0x00007ff99ed30000 - 0x00007ff99eed0000 	C:\WINDOWS\System32\ole32.dll
0x00007ff99d110000 - 0x00007ff99d9b1000 	C:\WINDOWS\System32\SHELL32.dll
0x00007ff99cb80000 - 0x00007ff99ccbf000 	C:\WINDOWS\System32\wintypes.dll
0x00007ff999fc0000 - 0x00007ff99a8da000 	C:\WINDOWS\SYSTEM32\windows.storage.dll
0x00007ff99ddb0000 - 0x00007ff99deba000 	C:\WINDOWS\System32\SHCORE.dll
0x00007ff99e8f0000 - 0x00007ff99e959000 	C:\WINDOWS\System32\shlwapi.dll
0x00007ff99c060000 - 0x00007ff99c085000 	C:\WINDOWS\SYSTEM32\profapi.dll
0x00007ff963aa0000 - 0x00007ff963b77000 	C:\Program Files\Java\jdk-23\bin\jsvml.dll
0x00007ff981bd0000 - 0x00007ff981be7000 	C:\Program Files\Java\jdk-23\bin\zip.dll
0x00007ff9843f0000 - 0x00007ff984400000 	C:\Program Files\Java\jdk-23\bin\net.dll
0x00007ff99b670000 - 0x00007ff99b6d9000 	C:\WINDOWS\system32\mswsock.dll
0x00007ff9824b0000 - 0x00007ff9824c6000 	C:\Program Files\Java\jdk-23\bin\nio.dll
0x00007ff984370000 - 0x00007ff984380000 	C:\Program Files\Java\jdk-23\bin\verify.dll
0x00007ff983b00000 - 0x00007ff983b27000 	C:\Users\NDC\.gradle\native\1def1411415f61bf3af743bc5b6707747c0891f09f0c88961ee8f79bc544acac\windows-amd64\native-platform.dll
0x00007ff9821e0000 - 0x00007ff982258000 	C:\Users\NDC\.gradle\native\0.2.7\x86_64-windows-gnu\gradle-fileevents.dll
0x00007ff983980000 - 0x00007ff98398a000 	C:\Program Files\Java\jdk-23\bin\management.dll
0x00007ff982b10000 - 0x00007ff982b1b000 	C:\Program Files\Java\jdk-23\bin\management_ext.dll
0x00007ff99e8e0000 - 0x00007ff99e8e8000 	C:\WINDOWS\System32\PSAPI.DLL
0x00007ff99ab30000 - 0x00007ff99ab5d000 	C:\WINDOWS\SYSTEM32\IPHLPAPI.DLL
0x00007ff99dff0000 - 0x00007ff99dff9000 	C:\WINDOWS\System32\NSI.dll
0x00007ff982840000 - 0x00007ff982849000 	C:\Program Files\Java\jdk-23\bin\extnet.dll
0x00007ff99b9c0000 - 0x00007ff99b9db000 	C:\WINDOWS\SYSTEM32\CRYPTSP.dll
0x00007ff99b110000 - 0x00007ff99b147000 	C:\WINDOWS\system32\rsaenh.dll
0x00007ff99b710000 - 0x00007ff99b738000 	C:\WINDOWS\SYSTEM32\USERENV.dll
0x00007ff99b9a0000 - 0x00007ff99b9ac000 	C:\WINDOWS\SYSTEM32\CRYPTBASE.dll
0x00007ff998630000 - 0x00007ff99863e000 	C:\Program Files\Java\jdk-23\bin\sunmscapi.dll
0x00007ff99c790000 - 0x00007ff99c8f8000 	C:\WINDOWS\System32\CRYPT32.dll
0x00007ff99bac0000 - 0x00007ff99baed000 	C:\WINDOWS\SYSTEM32\ncrypt.dll
0x00007ff99ba80000 - 0x00007ff99bab7000 	C:\WINDOWS\SYSTEM32\NTASN1.dll
0x00007ff9963b0000 - 0x00007ff9963b8000 	C:\WINDOWS\system32\wshunix.dll

dbghelp: loaded successfully - version: 4.0.5 - missing functions: none
symbol engine: initialized successfully - sym options: 0x614 - pdb path: .;C:\Program Files\Java\jdk-23\bin;C:\WINDOWS\SYSTEM32;C:\WINDOWS\WinSxS\amd64_microsoft.windows.common-controls_6595b64144ccf1df_6.0.22621.5840_none_2710ea077384a4fe;C:\Program Files\Java\jdk-23\bin\server;C:\Users\NDC\.gradle\native\1def1411415f61bf3af743bc5b6707747c0891f09f0c88961ee8f79bc544acac\windows-amd64;C:\Users\NDC\.gradle\native\0.2.7\x86_64-windows-gnu

VM Arguments:
jvm_args: --add-opens=java.base/java.lang=ALL-UNNAMED --add-opens=java.base/java.lang.invoke=ALL-UNNAMED --add-opens=java.base/java.util=ALL-UNNAMED --add-opens=java.prefs/java.util.prefs=ALL-UNNAMED --add-exports=jdk.compiler/com.sun.tools.javac.api=ALL-UNNAMED --add-exports=jdk.compiler/com.sun.tools.javac.util=ALL-UNNAMED --add-opens=java.base/java.util=ALL-UNNAMED --add-opens=java.prefs/java.util.prefs=ALL-UNNAMED --add-opens=java.base/java.nio.charset=ALL-UNNAMED --add-opens=java.base/java.net=ALL-UNNAMED --add-opens=java.base/java.util.concurrent.atomic=ALL-UNNAMED --add-opens=java.xml/javax.xml.namespace=ALL-UNNAMED -Xmx2048m -Dfile.encoding=UTF-8 -Duser.country=US -Duser.language=en -Duser.variant -javaagent:C:\Users\NDC\.gradle\wrapper\dists\gradle-8.13-bin\5xuhj0ry160q40clulazy9h7d\gradle-8.13\lib\agents\gradle-instrumentation-agent-8.13.jar 
java_command: org.gradle.launcher.daemon.bootstrap.GradleDaemon 8.13
java_class_path (initial): C:\Users\NDC\.gradle\wrapper\dists\gradle-8.13-bin\5xuhj0ry160q40clulazy9h7d\gradle-8.13\lib\gradle-daemon-main-8.13.jar
Launcher Type: SUN_STANDARD

[Global flags]
     intx CICompilerCount                          = 3                                         {product} {ergonomic}
     uint ConcGCThreads                            = 1                                         {product} {ergonomic}
     uint G1ConcRefinementThreads                  = 4                                         {product} {ergonomic}
   size_t G1HeapRegionSize                         = 1048576                                   {product} {ergonomic}
   size_t InitialHeapSize                          = 62914560                                  {product} {ergonomic}
   size_t MarkStackSize                            = 4194304                                   {product} {ergonomic}
   size_t MarkStackSizeMax                         = 536870912                                 {product} {ergonomic}
   size_t MaxHeapSize                              = 2147483648                                {product} {command line}
   size_t MaxNewSize                               = 1287651328                                {product} {ergonomic}
   size_t MinHeapDeltaBytes                        = 1048576                                   {product} {ergonomic}
   size_t MinHeapSize                              = 8388608                                   {product} {ergonomic}
    uintx NonNMethodCodeHeapSize                   = 5832704                                {pd product} {ergonomic}
    uintx NonProfiledCodeHeapSize                  = 122945536                              {pd product} {ergonomic}
    uintx ProfiledCodeHeapSize                     = 122880000                              {pd product} {ergonomic}
    uintx ReservedCodeCacheSize                    = 251658240                              {pd product} {ergonomic}
     bool SegmentedCodeCache                       = true                                      {product} {ergonomic}
   size_t SoftMaxHeapSize                          = 2147483648                             {manageable} {ergonomic}
     bool UseCompressedOops                        = true                           {product lp64_product} {ergonomic}
     bool UseG1GC                                  = true                                      {product} {ergonomic}
     bool UseLargePagesIndividualAllocation        = false                                  {pd product} {ergonomic}

Logging:
Log output configuration:
 #0: stdout all=warning uptime,level,tags foldmultilines=false
 #1: stderr all=off uptime,level,tags foldmultilines=false

Environment Variables:
CLASSPATH=D:\Mobile\App_UTH_Social\\gradle\wrapper\gradle-wrapper.jar
PATH=D:\App\VMWPRO\bin\;C:\Program Files\Common Files\Oracle\Java\javapath;C:\Program Files\Microsoft MPI\Bin\;C:\WINDOWS\system32;C:\WINDOWS;C:\WINDOWS\System32\Wbem;C:\WINDOWS\System32\WindowsPowerShell\v1.0\;C:\WINDOWS\System32\OpenSSH\;C:\Program Files\Microsoft SQL Server\Client SDK\ODBC\170\Tools\Binn\;C:\Program Files\Git\cmd;D:\SQL\160\Tools\Binn\;C:\Program Files\Microsoft SQL Server\160\Tools\Binn\;C:\Program Files\Microsoft SQL Server\160\DTS\Binn\;C:\Program Files\Java\jdk-23\bin;C:\Program Files\Docker\Docker\resources\bin;D:\ChuyenDeITS\bin\;D:\ChuyenDeITS\tools\;D:\Downloadd\openalpr-2.3.0-win-64bit\openalpr_64;D:\pythonv\Scripts\;D:\pythonv\;C:\Users\NDC\AppData\Local\Programs\Python\Launcher\;C:\Users\NDC\AppData\Local\Microsoft\WindowsApps;D:\App\Microsoft VS Code\bin;D:\Nodejs;
USERNAME=NDC
OS=Windows_NT
PROCESSOR_IDENTIFIER=Intel64 Family 6 Model 140 Stepping 1, GenuineIntel
TMP=C:\Users\NDC\AppData\Local\Temp
TEMP=C:\Users\NDC\AppData\Local\Temp




Periodic native trim disabled

---------------  S Y S T E M  ---------------

OS:
 Windows 11 , 64 bit Build 22621 (10.0.22621.5415)
OS uptime: 0 days 17:22 hours
Hyper-V role detected

CPU: total 4 (initial active 4) (2 cores per cpu, 2 threads per core) family 6 model 140 stepping 1 microcode 0xbc, cx8, cmov, fxsr, ht, mmx, 3dnowpref, sse, sse2, sse3, ssse3, sse4.1, sse4.2, popcnt, lzcnt, tsc, tscinvbit, avx, avx2, aes, erms, clmul, bmi1, bmi2, adx, avx512f, avx512dq, avx512cd, avx512bw, avx512vl, sha, fma, vzeroupper, avx512_vpopcntdq, avx512_vpclmulqdq, avx512_vaes, avx512_vnni, clflush, clflushopt, clwb, avx512_vbmi2, avx512_vbmi, hv, rdtscp, rdpid, fsrm, gfni, avx512_bitalg, f16c, cet_ibt, cet_ss, avx512_ifma
Processor Information for the first 4 processors :
  Max Mhz: 2189, Current Mhz: 2189, Mhz Limit: 2189

Memory: 4k page, system-wide physical 3834M (99M free)
TotalPageFile size 15610M (AvailPageFile size 25M)
current process WorkingSet (physical memory assigned to process): 379M, peak: 380M
current process commit charge ("private bytes"): 568M, peak: 588M

vm_info: Java HotSpot(TM) 64-Bit Server VM (23.0.2+7-58) for windows-amd64 JRE (23.0.2+7-58), built on 2024-11-29T09:34:55Z with MS VC++ 17.6 (VS2022)

END.
